{"/home/mrtin/dev/gaula/functions/index.js": {"path":"/home/mrtin/dev/gaula/functions/index.js","statementMap":{"0":{"start":{"line":1,"column":42},"end":{"line":1,"column":80}},"1":{"start":{"line":2,"column":23},"end":{"line":2,"column":65}},"2":{"start":{"line":3,"column":18},"end":{"line":3,"column":50}},"3":{"start":{"line":4,"column":14},"end":{"line":4,"column":39}},"4":{"start":{"line":5,"column":0},"end":{"line":5,"column":22}},"5":{"start":{"line":7,"column":11},"end":{"line":7,"column":28}},"6":{"start":{"line":9,"column":0},"end":{"line":28,"column":3}},"7":{"start":{"line":10,"column":15},"end":{"line":10,"column":24}},"8":{"start":{"line":11,"column":4},"end":{"line":11,"column":128}},"9":{"start":{"line":11,"column":113},"end":{"line":11,"column":128}},"10":{"start":{"line":12,"column":4},"end":{"line":12,"column":136}},"11":{"start":{"line":12,"column":119},"end":{"line":12,"column":136}},"12":{"start":{"line":14,"column":24},"end":{"line":22,"column":5}},"13":{"start":{"line":23,"column":4},"end":{"line":27,"column":5}},"14":{"start":{"line":24,"column":8},"end":{"line":24,"column":71}},"15":{"start":{"line":26,"column":8},"end":{"line":26,"column":73}},"16":{"start":{"line":31,"column":4},"end":{"line":34,"column":5}},"17":{"start":{"line":32,"column":8},"end":{"line":32,"column":105}},"18":{"start":{"line":33,"column":8},"end":{"line":33,"column":15}},"19":{"start":{"line":37,"column":4},"end":{"line":54,"column":5}},"20":{"start":{"line":38,"column":8},"end":{"line":53,"column":9}},"21":{"start":{"line":39,"column":34},"end":{"line":39,"column":106}},"22":{"start":{"line":40,"column":12},"end":{"line":50,"column":13}},"23":{"start":{"line":41,"column":35},"end":{"line":41,"column":55}},"24":{"start":{"line":42,"column":34},"end":{"line":42,"column":96}},"25":{"start":{"line":43,"column":16},"end":{"line":49,"column":17}},"26":{"start":{"line":44,"column":35},"end":{"line":44,"column":51}},"27":{"start":{"line":45,"column":20},"end":{"line":48,"column":21}},"28":{"start":{"line":46,"column":24},"end":{"line":46,"column":100}},"29":{"start":{"line":47,"column":24},"end":{"line":47,"column":31}},"30":{"start":{"line":52,"column":12},"end":{"line":52,"column":82}},"31":{"start":{"line":56,"column":23},"end":{"line":56,"column":66}},"32":{"start":{"line":57,"column":22},"end":{"line":57,"column":62}},"33":{"start":{"line":60,"column":23},"end":{"line":60,"column":40}},"34":{"start":{"line":61,"column":4},"end":{"line":68,"column":5}},"35":{"start":{"line":62,"column":8},"end":{"line":62,"column":27}},"36":{"start":{"line":65,"column":8},"end":{"line":67,"column":9}},"37":{"start":{"line":66,"column":12},"end":{"line":66,"column":47}},"38":{"start":{"line":69,"column":4},"end":{"line":69,"column":47}},"39":{"start":{"line":69,"column":28},"end":{"line":69,"column":47}},"40":{"start":{"line":70,"column":4},"end":{"line":70,"column":47}},"41":{"start":{"line":70,"column":28},"end":{"line":70,"column":47}},"42":{"start":{"line":72,"column":4},"end":{"line":72,"column":84}},"43":{"start":{"line":74,"column":23},"end":{"line":97,"column":27}},"44":{"start":{"line":99,"column":4},"end":{"line":124,"column":5}},"45":{"start":{"line":100,"column":22},"end":{"line":100,"column":43}},"46":{"start":{"line":101,"column":25},"end":{"line":108,"column":10}},"47":{"start":{"line":110,"column":24},"end":{"line":110,"column":45}},"48":{"start":{"line":111,"column":8},"end":{"line":111,"column":89}},"49":{"start":{"line":113,"column":8},"end":{"line":121,"column":11}},"50":{"start":{"line":123,"column":8},"end":{"line":123,"column":68}},"51":{"start":{"line":127,"column":22},"end":{"line":225,"column":1}},"52":{"start":{"line":227,"column":0},"end":{"line":259,"column":3}},"53":{"start":{"line":228,"column":4},"end":{"line":228,"column":85}},"54":{"start":{"line":228,"column":23},"end":{"line":228,"column":85}},"55":{"start":{"line":229,"column":16},"end":{"line":229,"column":32}},"56":{"start":{"line":230,"column":32},"end":{"line":230,"column":44}},"57":{"start":{"line":232,"column":25},"end":{"line":232,"column":92}},"58":{"start":{"line":232,"column":37},"end":{"line":232,"column":92}},"59":{"start":{"line":234,"column":4},"end":{"line":258,"column":5}},"60":{"start":{"line":235,"column":27},"end":{"line":235,"column":48}},"61":{"start":{"line":236,"column":8},"end":{"line":236,"column":99}},"62":{"start":{"line":236,"column":25},"end":{"line":236,"column":99}},"63":{"start":{"line":238,"column":27},"end":{"line":238,"column":52}},"64":{"start":{"line":239,"column":29},"end":{"line":239,"column":48}},"65":{"start":{"line":241,"column":24},"end":{"line":241,"column":44}},"66":{"start":{"line":242,"column":8},"end":{"line":244,"column":9}},"67":{"start":{"line":243,"column":12},"end":{"line":243,"column":114}},"68":{"start":{"line":246,"column":24},"end":{"line":253,"column":9}},"69":{"start":{"line":255,"column":8},"end":{"line":255,"column":47}},"70":{"start":{"line":257,"column":8},"end":{"line":257,"column":52}},"71":{"start":{"line":261,"column":0},"end":{"line":367,"column":3}},"72":{"start":{"line":262,"column":21},"end":{"line":262,"column":33}},"73":{"start":{"line":263,"column":4},"end":{"line":263,"column":72}},"74":{"start":{"line":263,"column":19},"end":{"line":263,"column":72}},"75":{"start":{"line":265,"column":4},"end":{"line":366,"column":5}},"76":{"start":{"line":266,"column":22},"end":{"line":266,"column":72}},"77":{"start":{"line":267,"column":8},"end":{"line":267,"column":78}},"78":{"start":{"line":267,"column":27},"end":{"line":267,"column":78}},"79":{"start":{"line":269,"column":23},"end":{"line":269,"column":35}},"80":{"start":{"line":271,"column":18},"end":{"line":271,"column":178}},"81":{"start":{"line":273,"column":8},"end":{"line":334,"column":9}},"82":{"start":{"line":274,"column":12},"end":{"line":298,"column":15}},"83":{"start":{"line":275,"column":16},"end":{"line":275,"column":60}},"84":{"start":{"line":275,"column":53},"end":{"line":275,"column":60}},"85":{"start":{"line":277,"column":38},"end":{"line":277,"column":107}},"86":{"start":{"line":277,"column":48},"end":{"line":277,"column":107}},"87":{"start":{"line":279,"column":32},"end":{"line":279,"column":49}},"88":{"start":{"line":280,"column":30},"end":{"line":280,"column":71}},"89":{"start":{"line":282,"column":28},"end":{"line":282,"column":57}},"90":{"start":{"line":283,"column":16},"end":{"line":283,"column":80}},"91":{"start":{"line":283,"column":52},"end":{"line":283,"column":80}},"92":{"start":{"line":284,"column":16},"end":{"line":284,"column":86}},"93":{"start":{"line":284,"column":58},"end":{"line":284,"column":86}},"94":{"start":{"line":286,"column":27},"end":{"line":286,"column":65}},"95":{"start":{"line":287,"column":16},"end":{"line":287,"column":91}},"96":{"start":{"line":287,"column":41},"end":{"line":287,"column":91}},"97":{"start":{"line":288,"column":16},"end":{"line":288,"column":82}},"98":{"start":{"line":288,"column":38},"end":{"line":288,"column":82}},"99":{"start":{"line":290,"column":16},"end":{"line":290,"column":42}},"100":{"start":{"line":291,"column":16},"end":{"line":291,"column":78}},"101":{"start":{"line":292,"column":16},"end":{"line":292,"column":66}},"102":{"start":{"line":293,"column":16},"end":{"line":293,"column":63}},"103":{"start":{"line":294,"column":16},"end":{"line":294,"column":59}},"104":{"start":{"line":295,"column":16},"end":{"line":295,"column":46}},"105":{"start":{"line":296,"column":16},"end":{"line":296,"column":59}},"106":{"start":{"line":296,"column":26},"end":{"line":296,"column":59}},"107":{"start":{"line":297,"column":16},"end":{"line":297,"column":40}},"108":{"start":{"line":299,"column":15},"end":{"line":334,"column":9}},"109":{"start":{"line":300,"column":29},"end":{"line":300,"column":46}},"110":{"start":{"line":301,"column":30},"end":{"line":301,"column":61}},"111":{"start":{"line":302,"column":29},"end":{"line":302,"column":69}},"112":{"start":{"line":304,"column":27},"end":{"line":304,"column":124}},"113":{"start":{"line":305,"column":32},"end":{"line":305,"column":97}},"114":{"start":{"line":307,"column":12},"end":{"line":333,"column":15}},"115":{"start":{"line":308,"column":34},"end":{"line":308,"column":49}},"116":{"start":{"line":309,"column":16},"end":{"line":309,"column":52}},"117":{"start":{"line":309,"column":45},"end":{"line":309,"column":52}},"118":{"start":{"line":311,"column":33},"end":{"line":311,"column":53}},"119":{"start":{"line":312,"column":27},"end":{"line":312,"column":49}},"120":{"start":{"line":313,"column":16},"end":{"line":313,"column":40}},"121":{"start":{"line":313,"column":30},"end":{"line":313,"column":40}},"122":{"start":{"line":315,"column":39},"end":{"line":315,"column":85}},"123":{"start":{"line":317,"column":33},"end":{"line":317,"column":77}},"124":{"start":{"line":318,"column":16},"end":{"line":318,"column":54}},"125":{"start":{"line":320,"column":32},"end":{"line":320,"column":80}},"126":{"start":{"line":322,"column":38},"end":{"line":322,"column":107}},"127":{"start":{"line":322,"column":48},"end":{"line":322,"column":107}},"128":{"start":{"line":324,"column":16},"end":{"line":324,"column":42}},"129":{"start":{"line":325,"column":16},"end":{"line":325,"column":79}},"130":{"start":{"line":326,"column":16},"end":{"line":326,"column":66}},"131":{"start":{"line":327,"column":16},"end":{"line":327,"column":70}},"132":{"start":{"line":328,"column":16},"end":{"line":328,"column":61}},"133":{"start":{"line":329,"column":16},"end":{"line":329,"column":110}},"134":{"start":{"line":330,"column":16},"end":{"line":330,"column":66}},"135":{"start":{"line":331,"column":16},"end":{"line":331,"column":77}},"136":{"start":{"line":332,"column":16},"end":{"line":332,"column":40}},"137":{"start":{"line":336,"column":8},"end":{"line":354,"column":9}},"138":{"start":{"line":337,"column":12},"end":{"line":353,"column":13}},"139":{"start":{"line":338,"column":16},"end":{"line":352,"column":17}},"140":{"start":{"line":339,"column":34},"end":{"line":339,"column":55}},"141":{"start":{"line":340,"column":37},"end":{"line":340,"column":53}},"142":{"start":{"line":341,"column":20},"end":{"line":349,"column":21}},"143":{"start":{"line":342,"column":44},"end":{"line":342,"column":65}},"144":{"start":{"line":343,"column":40},"end":{"line":343,"column":93}},"145":{"start":{"line":344,"column":24},"end":{"line":348,"column":25}},"146":{"start":{"line":345,"column":28},"end":{"line":347,"column":31}},"147":{"start":{"line":346,"column":32},"end":{"line":346,"column":51}},"148":{"start":{"line":351,"column":20},"end":{"line":351,"column":81}},"149":{"start":{"line":356,"column":8},"end":{"line":356,"column":35}},"150":{"start":{"line":358,"column":8},"end":{"line":362,"column":11}},"151":{"start":{"line":363,"column":8},"end":{"line":363,"column":22}},"152":{"start":{"line":365,"column":8},"end":{"line":365,"column":40}},"153":{"start":{"line":369,"column":0},"end":{"line":434,"column":3}},"154":{"start":{"line":370,"column":4},"end":{"line":370,"column":48}},"155":{"start":{"line":371,"column":4},"end":{"line":371,"column":57}},"156":{"start":{"line":373,"column":4},"end":{"line":377,"column":5}},"157":{"start":{"line":374,"column":8},"end":{"line":374,"column":64}},"158":{"start":{"line":375,"column":8},"end":{"line":375,"column":33}},"159":{"start":{"line":376,"column":8},"end":{"line":376,"column":15}},"160":{"start":{"line":379,"column":4},"end":{"line":379,"column":81}},"161":{"start":{"line":379,"column":31},"end":{"line":379,"column":81}},"162":{"start":{"line":381,"column":50},"end":{"line":381,"column":58}},"163":{"start":{"line":382,"column":4},"end":{"line":384,"column":5}},"164":{"start":{"line":383,"column":8},"end":{"line":383,"column":68}},"165":{"start":{"line":386,"column":4},"end":{"line":433,"column":5}},"166":{"start":{"line":387,"column":22},"end":{"line":387,"column":80}},"167":{"start":{"line":388,"column":8},"end":{"line":388,"column":79}},"168":{"start":{"line":388,"column":27},"end":{"line":388,"column":79}},"169":{"start":{"line":389,"column":27},"end":{"line":389,"column":39}},"170":{"start":{"line":391,"column":8},"end":{"line":393,"column":9}},"171":{"start":{"line":392,"column":12},"end":{"line":392,"column":58}},"172":{"start":{"line":395,"column":22},"end":{"line":395,"column":32}},"173":{"start":{"line":396,"column":27},"end":{"line":396,"column":28}},"174":{"start":{"line":398,"column":8},"end":{"line":428,"column":9}},"175":{"start":{"line":399,"column":12},"end":{"line":399,"column":68}},"176":{"start":{"line":399,"column":59},"end":{"line":399,"column":68}},"177":{"start":{"line":401,"column":26},"end":{"line":401,"column":106}},"178":{"start":{"line":402,"column":12},"end":{"line":402,"column":38}},"179":{"start":{"line":402,"column":29},"end":{"line":402,"column":38}},"180":{"start":{"line":404,"column":30},"end":{"line":404,"column":46}},"181":{"start":{"line":405,"column":26},"end":{"line":405,"column":146}},"182":{"start":{"line":407,"column":12},"end":{"line":427,"column":13}},"183":{"start":{"line":408,"column":16},"end":{"line":412,"column":19}},"184":{"start":{"line":413,"column":16},"end":{"line":413,"column":31}},"185":{"start":{"line":415,"column":31},"end":{"line":415,"column":65}},"186":{"start":{"line":416,"column":16},"end":{"line":425,"column":19}},"187":{"start":{"line":426,"column":16},"end":{"line":426,"column":31}},"188":{"start":{"line":429,"column":8},"end":{"line":429,"column":29}},"189":{"start":{"line":430,"column":8},"end":{"line":430,"column":50}},"190":{"start":{"line":432,"column":8},"end":{"line":432,"column":51}},"191":{"start":{"line":436,"column":0},"end":{"line":495,"column":3}},"192":{"start":{"line":437,"column":4},"end":{"line":437,"column":48}},"193":{"start":{"line":438,"column":4},"end":{"line":438,"column":60}},"194":{"start":{"line":439,"column":4},"end":{"line":439,"column":66}},"195":{"start":{"line":439,"column":34},"end":{"line":439,"column":66}},"196":{"start":{"line":441,"column":4},"end":{"line":494,"column":5}},"197":{"start":{"line":442,"column":36},"end":{"line":442,"column":45}},"198":{"start":{"line":443,"column":8},"end":{"line":443,"column":87}},"199":{"start":{"line":443,"column":33},"end":{"line":443,"column":87}},"200":{"start":{"line":445,"column":22},"end":{"line":445,"column":72}},"201":{"start":{"line":446,"column":8},"end":{"line":446,"column":80}},"202":{"start":{"line":446,"column":27},"end":{"line":446,"column":80}},"203":{"start":{"line":447,"column":23},"end":{"line":447,"column":35}},"204":{"start":{"line":449,"column":8},"end":{"line":449,"column":88}},"205":{"start":{"line":449,"column":42},"end":{"line":449,"column":88}},"206":{"start":{"line":451,"column":22},"end":{"line":451,"column":97}},"207":{"start":{"line":452,"column":31},"end":{"line":452,"column":33}},"208":{"start":{"line":453,"column":8},"end":{"line":453,"column":65}},"209":{"start":{"line":453,"column":32},"end":{"line":453,"column":63}},"210":{"start":{"line":455,"column":18},"end":{"line":455,"column":133}},"211":{"start":{"line":457,"column":8},"end":{"line":485,"column":9}},"212":{"start":{"line":458,"column":31},"end":{"line":458,"column":50}},"213":{"start":{"line":459,"column":26},"end":{"line":459,"column":100}},"214":{"start":{"line":461,"column":12},"end":{"line":484,"column":13}},"215":{"start":{"line":462,"column":28},"end":{"line":462,"column":38}},"216":{"start":{"line":463,"column":30},"end":{"line":463,"column":87}},"217":{"start":{"line":464,"column":32},"end":{"line":464,"column":64}},"218":{"start":{"line":466,"column":34},"end":{"line":466,"column":93}},"219":{"start":{"line":467,"column":30},"end":{"line":467,"column":74}},"220":{"start":{"line":468,"column":40},"end":{"line":468,"column":90}},"221":{"start":{"line":469,"column":32},"end":{"line":469,"column":50}},"222":{"start":{"line":470,"column":36},"end":{"line":470,"column":54}},"223":{"start":{"line":471,"column":32},"end":{"line":471,"column":43}},"224":{"start":{"line":472,"column":33},"end":{"line":472,"column":49}},"225":{"start":{"line":473,"column":38},"end":{"line":473,"column":67}},"226":{"start":{"line":475,"column":34},"end":{"line":481,"column":17}},"227":{"start":{"line":476,"column":20},"end":{"line":476,"column":59}},"228":{"start":{"line":476,"column":49},"end":{"line":476,"column":59}},"229":{"start":{"line":477,"column":20},"end":{"line":479,"column":21}},"230":{"start":{"line":478,"column":24},"end":{"line":478,"column":62}},"231":{"start":{"line":480,"column":20},"end":{"line":480,"column":31}},"232":{"start":{"line":483,"column":16},"end":{"line":483,"column":221}},"233":{"start":{"line":487,"column":8},"end":{"line":487,"column":59}},"234":{"start":{"line":488,"column":8},"end":{"line":488,"column":88}},"235":{"start":{"line":489,"column":8},"end":{"line":489,"column":34}},"236":{"start":{"line":492,"column":8},"end":{"line":492,"column":25}},"237":{"start":{"line":493,"column":8},"end":{"line":493,"column":60}},"238":{"start":{"line":497,"column":0},"end":{"line":594,"column":3}},"239":{"start":{"line":498,"column":4},"end":{"line":498,"column":48}},"240":{"start":{"line":499,"column":4},"end":{"line":499,"column":61}},"241":{"start":{"line":500,"column":4},"end":{"line":503,"column":5}},"242":{"start":{"line":501,"column":8},"end":{"line":501,"column":64}},"243":{"start":{"line":502,"column":8},"end":{"line":502,"column":40}},"244":{"start":{"line":504,"column":4},"end":{"line":504,"column":81}},"245":{"start":{"line":504,"column":31},"end":{"line":504,"column":81}},"246":{"start":{"line":506,"column":4},"end":{"line":593,"column":5}},"247":{"start":{"line":507,"column":36},"end":{"line":507,"column":45}},"248":{"start":{"line":508,"column":8},"end":{"line":508,"column":87}},"249":{"start":{"line":508,"column":33},"end":{"line":508,"column":87}},"250":{"start":{"line":510,"column":22},"end":{"line":510,"column":72}},"251":{"start":{"line":511,"column":8},"end":{"line":511,"column":80}},"252":{"start":{"line":511,"column":27},"end":{"line":511,"column":80}},"253":{"start":{"line":512,"column":23},"end":{"line":512,"column":35}},"254":{"start":{"line":514,"column":8},"end":{"line":514,"column":88}},"255":{"start":{"line":514,"column":42},"end":{"line":514,"column":88}},"256":{"start":{"line":516,"column":19},"end":{"line":516,"column":21}},"257":{"start":{"line":517,"column":28},"end":{"line":517,"column":61}},"258":{"start":{"line":519,"column":8},"end":{"line":548,"column":9}},"259":{"start":{"line":520,"column":12},"end":{"line":520,"column":28}},"260":{"start":{"line":521,"column":12},"end":{"line":521,"column":92}},"261":{"start":{"line":521,"column":38},"end":{"line":521,"column":92}},"262":{"start":{"line":522,"column":15},"end":{"line":548,"column":9}},"263":{"start":{"line":523,"column":28},"end":{"line":523,"column":53}},"264":{"start":{"line":524,"column":26},"end":{"line":524,"column":78}},"265":{"start":{"line":524,"column":58},"end":{"line":524,"column":77}},"266":{"start":{"line":525,"column":12},"end":{"line":525,"column":93}},"267":{"start":{"line":525,"column":34},"end":{"line":525,"column":93}},"268":{"start":{"line":527,"column":31},"end":{"line":527,"column":39}},"269":{"start":{"line":528,"column":30},"end":{"line":528,"column":66}},"270":{"start":{"line":530,"column":28},"end":{"line":530,"column":110}},"271":{"start":{"line":530,"column":65},"end":{"line":530,"column":109}},"272":{"start":{"line":532,"column":26},"end":{"line":532,"column":74}},"273":{"start":{"line":532,"column":49},"end":{"line":532,"column":73}},"274":{"start":{"line":533,"column":27},"end":{"line":533,"column":96}},"275":{"start":{"line":533,"column":50},"end":{"line":533,"column":95}},"276":{"start":{"line":534,"column":27},"end":{"line":534,"column":75}},"277":{"start":{"line":534,"column":50},"end":{"line":534,"column":74}},"278":{"start":{"line":536,"column":12},"end":{"line":536,"column":100}},"279":{"start":{"line":536,"column":30},"end":{"line":536,"column":100}},"280":{"start":{"line":538,"column":12},"end":{"line":545,"column":13}},"281":{"start":{"line":538,"column":25},"end":{"line":538,"column":26}},"282":{"start":{"line":539,"column":29},"end":{"line":539,"column":95}},"283":{"start":{"line":539,"column":64},"end":{"line":539,"column":94}},"284":{"start":{"line":540,"column":16},"end":{"line":544,"column":19}},"285":{"start":{"line":547,"column":12},"end":{"line":547,"column":93}},"286":{"start":{"line":550,"column":22},"end":{"line":550,"column":32}},"287":{"start":{"line":551,"column":27},"end":{"line":551,"column":28}},"288":{"start":{"line":553,"column":8},"end":{"line":585,"column":9}},"289":{"start":{"line":554,"column":66},"end":{"line":554,"column":69}},"290":{"start":{"line":555,"column":12},"end":{"line":555,"column":38}},"291":{"start":{"line":555,"column":29},"end":{"line":555,"column":38}},"292":{"start":{"line":556,"column":12},"end":{"line":556,"column":60}},"293":{"start":{"line":556,"column":51},"end":{"line":556,"column":60}},"294":{"start":{"line":558,"column":27},"end":{"line":558,"column":71}},"295":{"start":{"line":559,"column":28},"end":{"line":559,"column":46}},"296":{"start":{"line":560,"column":12},"end":{"line":584,"column":13}},"297":{"start":{"line":561,"column":16},"end":{"line":565,"column":19}},"298":{"start":{"line":567,"column":34},"end":{"line":567,"column":59}},"299":{"start":{"line":568,"column":39},"end":{"line":568,"column":44}},"300":{"start":{"line":569,"column":30},"end":{"line":569,"column":82}},"301":{"start":{"line":570,"column":16},"end":{"line":572,"column":17}},"302":{"start":{"line":571,"column":20},"end":{"line":571,"column":44}},"303":{"start":{"line":574,"column":33},"end":{"line":574,"column":69}},"304":{"start":{"line":575,"column":16},"end":{"line":582,"column":19}},"305":{"start":{"line":583,"column":16},"end":{"line":583,"column":31}},"306":{"start":{"line":587,"column":8},"end":{"line":587,"column":29}},"307":{"start":{"line":588,"column":8},"end":{"line":588,"column":62}},"308":{"start":{"line":591,"column":8},"end":{"line":591,"column":25}},"309":{"start":{"line":592,"column":8},"end":{"line":592,"column":60}},"310":{"start":{"line":596,"column":0},"end":{"line":635,"column":3}},"311":{"start":{"line":597,"column":4},"end":{"line":633,"column":5}},"312":{"start":{"line":598,"column":21},"end":{"line":598,"column":101}},"313":{"start":{"line":599,"column":8},"end":{"line":599,"column":36}},"314":{"start":{"line":599,"column":24},"end":{"line":599,"column":36}},"315":{"start":{"line":601,"column":26},"end":{"line":601,"column":28}},"316":{"start":{"line":602,"column":8},"end":{"line":607,"column":9}},"317":{"start":{"line":603,"column":25},"end":{"line":603,"column":35}},"318":{"start":{"line":604,"column":30},"end":{"line":604,"column":45}},"319":{"start":{"line":605,"column":12},"end":{"line":605,"column":65}},"320":{"start":{"line":605,"column":39},"end":{"line":605,"column":65}},"321":{"start":{"line":606,"column":12},"end":{"line":606,"column":63}},"322":{"start":{"line":609,"column":25},"end":{"line":609,"column":27}},"323":{"start":{"line":610,"column":8},"end":{"line":627,"column":9}},"324":{"start":{"line":611,"column":26},"end":{"line":611,"column":36}},"325":{"start":{"line":613,"column":12},"end":{"line":615,"column":13}},"326":{"start":{"line":614,"column":16},"end":{"line":614,"column":71}},"327":{"start":{"line":617,"column":31},"end":{"line":617,"column":67}},"328":{"start":{"line":618,"column":12},"end":{"line":624,"column":15}},"329":{"start":{"line":626,"column":12},"end":{"line":626,"column":42}},"330":{"start":{"line":629,"column":8},"end":{"line":629,"column":36}},"331":{"start":{"line":630,"column":8},"end":{"line":630,"column":90}},"332":{"start":{"line":632,"column":8},"end":{"line":632,"column":59}},"333":{"start":{"line":634,"column":4},"end":{"line":634,"column":16}}},"fnMap":{"0":{"name":"(anonymous_0)","decl":{"start":{"line":9,"column":55},"end":{"line":9,"column":56}},"loc":{"start":{"line":9,"column":71},"end":{"line":28,"column":1}},"line":9},"1":{"name":"syncGradeToMoodle","decl":{"start":{"line":30,"column":15},"end":{"line":30,"column":32}},"loc":{"start":{"line":30,"column":64},"end":{"line":125,"column":1}},"line":30},"2":{"name":"(anonymous_2)","decl":{"start":{"line":227,"column":21},"end":{"line":227,"column":22}},"loc":{"start":{"line":227,"column":40},"end":{"line":259,"column":1}},"line":227},"3":{"name":"(anonymous_3)","decl":{"start":{"line":232,"column":25},"end":{"line":232,"column":26}},"loc":{"start":{"line":232,"column":37},"end":{"line":232,"column":92}},"line":232},"4":{"name":"(anonymous_4)","decl":{"start":{"line":261,"column":29},"end":{"line":261,"column":30}},"loc":{"start":{"line":261,"column":49},"end":{"line":367,"column":1}},"line":261},"5":{"name":"(anonymous_5)","decl":{"start":{"line":274,"column":43},"end":{"line":274,"column":44}},"loc":{"start":{"line":274,"column":56},"end":{"line":298,"column":13}},"line":274},"6":{"name":"(anonymous_6)","decl":{"start":{"line":277,"column":38},"end":{"line":277,"column":39}},"loc":{"start":{"line":277,"column":48},"end":{"line":277,"column":107}},"line":277},"7":{"name":"(anonymous_7)","decl":{"start":{"line":307,"column":37},"end":{"line":307,"column":38}},"loc":{"start":{"line":307,"column":51},"end":{"line":333,"column":13}},"line":307},"8":{"name":"(anonymous_8)","decl":{"start":{"line":322,"column":38},"end":{"line":322,"column":39}},"loc":{"start":{"line":322,"column":48},"end":{"line":322,"column":107}},"line":322},"9":{"name":"(anonymous_9)","decl":{"start":{"line":345,"column":44},"end":{"line":345,"column":45}},"loc":{"start":{"line":345,"column":50},"end":{"line":347,"column":29}},"line":345},"10":{"name":"(anonymous_10)","decl":{"start":{"line":369,"column":28},"end":{"line":369,"column":29}},"loc":{"start":{"line":369,"column":48},"end":{"line":434,"column":1}},"line":369},"11":{"name":"(anonymous_11)","decl":{"start":{"line":436,"column":36},"end":{"line":436,"column":37}},"loc":{"start":{"line":436,"column":56},"end":{"line":495,"column":1}},"line":436},"12":{"name":"(anonymous_12)","decl":{"start":{"line":453,"column":27},"end":{"line":453,"column":28}},"loc":{"start":{"line":453,"column":32},"end":{"line":453,"column":63}},"line":453},"13":{"name":"(anonymous_13)","decl":{"start":{"line":475,"column":34},"end":{"line":475,"column":35}},"loc":{"start":{"line":475,"column":43},"end":{"line":481,"column":17}},"line":475},"14":{"name":"(anonymous_14)","decl":{"start":{"line":497,"column":33},"end":{"line":497,"column":34}},"loc":{"start":{"line":497,"column":53},"end":{"line":594,"column":1}},"line":497},"15":{"name":"(anonymous_15)","decl":{"start":{"line":524,"column":53},"end":{"line":524,"column":54}},"loc":{"start":{"line":524,"column":58},"end":{"line":524,"column":77}},"line":524},"16":{"name":"(anonymous_16)","decl":{"start":{"line":530,"column":60},"end":{"line":530,"column":61}},"loc":{"start":{"line":530,"column":65},"end":{"line":530,"column":109}},"line":530},"17":{"name":"(anonymous_17)","decl":{"start":{"line":532,"column":44},"end":{"line":532,"column":45}},"loc":{"start":{"line":532,"column":49},"end":{"line":532,"column":73}},"line":532},"18":{"name":"(anonymous_18)","decl":{"start":{"line":533,"column":45},"end":{"line":533,"column":46}},"loc":{"start":{"line":533,"column":50},"end":{"line":533,"column":95}},"line":533},"19":{"name":"(anonymous_19)","decl":{"start":{"line":534,"column":45},"end":{"line":534,"column":46}},"loc":{"start":{"line":534,"column":50},"end":{"line":534,"column":74}},"line":534},"20":{"name":"(anonymous_20)","decl":{"start":{"line":539,"column":59},"end":{"line":539,"column":60}},"loc":{"start":{"line":539,"column":64},"end":{"line":539,"column":94}},"line":539},"21":{"name":"(anonymous_21)","decl":{"start":{"line":596,"column":117},"end":{"line":596,"column":118}},"loc":{"start":{"line":596,"column":134},"end":{"line":635,"column":1}},"line":596}},"branchMap":{"0":{"loc":{"start":{"line":11,"column":4},"end":{"line":11,"column":128}},"type":"if","locations":[{"start":{"line":11,"column":4},"end":{"line":11,"column":128}},{"start":{},"end":{}}],"line":11},"1":{"loc":{"start":{"line":11,"column":8},"end":{"line":11,"column":111}},"type":"binary-expr","locations":[{"start":{"line":11,"column":8},"end":{"line":11,"column":40}},{"start":{"line":11,"column":44},"end":{"line":11,"column":76}},{"start":{"line":11,"column":80},"end":{"line":11,"column":111}}],"line":11},"2":{"loc":{"start":{"line":12,"column":4},"end":{"line":12,"column":136}},"type":"if","locations":[{"start":{"line":12,"column":4},"end":{"line":12,"column":136}},{"start":{},"end":{}}],"line":12},"3":{"loc":{"start":{"line":12,"column":8},"end":{"line":12,"column":117}},"type":"binary-expr","locations":[{"start":{"line":12,"column":8},"end":{"line":12,"column":42}},{"start":{"line":12,"column":46},"end":{"line":12,"column":80}},{"start":{"line":12,"column":84},"end":{"line":12,"column":117}}],"line":12},"4":{"loc":{"start":{"line":16,"column":19},"end":{"line":16,"column":87}},"type":"binary-expr","locations":[{"start":{"line":16,"column":19},"end":{"line":16,"column":35}},{"start":{"line":16,"column":40},"end":{"line":16,"column":86}}],"line":16},"5":{"loc":{"start":{"line":16,"column":40},"end":{"line":16,"column":86}},"type":"cond-expr","locations":[{"start":{"line":16,"column":53},"end":{"line":16,"column":77}},{"start":{"line":16,"column":80},"end":{"line":16,"column":86}}],"line":16},"6":{"loc":{"start":{"line":19,"column":20},"end":{"line":19,"column":101}},"type":"binary-expr","locations":[{"start":{"line":19,"column":20},"end":{"line":19,"column":33}},{"start":{"line":19,"column":37},"end":{"line":19,"column":101}}],"line":19},"7":{"loc":{"start":{"line":19,"column":73},"end":{"line":19,"column":99}},"type":"binary-expr","locations":[{"start":{"line":19,"column":73},"end":{"line":19,"column":89}},{"start":{"line":19,"column":93},"end":{"line":19,"column":99}}],"line":19},"8":{"loc":{"start":{"line":20,"column":24},"end":{"line":20,"column":67}},"type":"cond-expr","locations":[{"start":{"line":20,"column":45},"end":{"line":20,"column":54}},{"start":{"line":20,"column":57},"end":{"line":20,"column":67}}],"line":20},"9":{"loc":{"start":{"line":31,"column":4},"end":{"line":34,"column":5}},"type":"if","locations":[{"start":{"line":31,"column":4},"end":{"line":34,"column":5}},{"start":{},"end":{}}],"line":31},"10":{"loc":{"start":{"line":31,"column":8},"end":{"line":31,"column":97}},"type":"binary-expr","locations":[{"start":{"line":31,"column":8},"end":{"line":31,"column":52}},{"start":{"line":31,"column":56},"end":{"line":31,"column":97}}],"line":31},"11":{"loc":{"start":{"line":32,"column":75},"end":{"line":32,"column":103}},"type":"binary-expr","locations":[{"start":{"line":32,"column":75},"end":{"line":32,"column":90}},{"start":{"line":32,"column":94},"end":{"line":32,"column":103}}],"line":32},"12":{"loc":{"start":{"line":37,"column":4},"end":{"line":54,"column":5}},"type":"if","locations":[{"start":{"line":37,"column":4},"end":{"line":54,"column":5}},{"start":{},"end":{}}],"line":37},"13":{"loc":{"start":{"line":40,"column":12},"end":{"line":50,"column":13}},"type":"if","locations":[{"start":{"line":40,"column":12},"end":{"line":50,"column":13}},{"start":{},"end":{}}],"line":40},"14":{"loc":{"start":{"line":43,"column":16},"end":{"line":49,"column":17}},"type":"if","locations":[{"start":{"line":43,"column":16},"end":{"line":49,"column":17}},{"start":{},"end":{}}],"line":43},"15":{"loc":{"start":{"line":45,"column":20},"end":{"line":48,"column":21}},"type":"if","locations":[{"start":{"line":45,"column":20},"end":{"line":48,"column":21}},{"start":{},"end":{}}],"line":45},"16":{"loc":{"start":{"line":61,"column":4},"end":{"line":68,"column":5}},"type":"if","locations":[{"start":{"line":61,"column":4},"end":{"line":68,"column":5}},{"start":{"line":63,"column":11},"end":{"line":68,"column":5}}],"line":61},"17":{"loc":{"start":{"line":65,"column":8},"end":{"line":67,"column":9}},"type":"if","locations":[{"start":{"line":65,"column":8},"end":{"line":67,"column":9}},{"start":{},"end":{}}],"line":65},"18":{"loc":{"start":{"line":69,"column":4},"end":{"line":69,"column":47}},"type":"if","locations":[{"start":{"line":69,"column":4},"end":{"line":69,"column":47}},{"start":{},"end":{}}],"line":69},"19":{"loc":{"start":{"line":70,"column":4},"end":{"line":70,"column":47}},"type":"if","locations":[{"start":{"line":70,"column":4},"end":{"line":70,"column":47}},{"start":{},"end":{}}],"line":70},"20":{"loc":{"start":{"line":115,"column":27},"end":{"line":115,"column":48}},"type":"binary-expr","locations":[{"start":{"line":115,"column":27},"end":{"line":115,"column":42}},{"start":{"line":115,"column":46},"end":{"line":115,"column":48}}],"line":115},"21":{"loc":{"start":{"line":116,"column":20},"end":{"line":116,"column":55}},"type":"cond-expr","locations":[{"start":{"line":116,"column":34},"end":{"line":116,"column":43}},{"start":{"line":116,"column":46},"end":{"line":116,"column":55}}],"line":116},"22":{"loc":{"start":{"line":228,"column":4},"end":{"line":228,"column":85}},"type":"if","locations":[{"start":{"line":228,"column":4},"end":{"line":228,"column":85}},{"start":{},"end":{}}],"line":228},"23":{"loc":{"start":{"line":236,"column":8},"end":{"line":236,"column":99}},"type":"if","locations":[{"start":{"line":236,"column":8},"end":{"line":236,"column":99}},{"start":{},"end":{}}],"line":236},"24":{"loc":{"start":{"line":242,"column":8},"end":{"line":244,"column":9}},"type":"if","locations":[{"start":{"line":242,"column":8},"end":{"line":244,"column":9}},{"start":{},"end":{}}],"line":242},"25":{"loc":{"start":{"line":263,"column":4},"end":{"line":263,"column":72}},"type":"if","locations":[{"start":{"line":263,"column":4},"end":{"line":263,"column":72}},{"start":{},"end":{}}],"line":263},"26":{"loc":{"start":{"line":267,"column":8},"end":{"line":267,"column":78}},"type":"if","locations":[{"start":{"line":267,"column":8},"end":{"line":267,"column":78}},{"start":{},"end":{}}],"line":267},"27":{"loc":{"start":{"line":271,"column":144},"end":{"line":271,"column":168}},"type":"binary-expr","locations":[{"start":{"line":271,"column":144},"end":{"line":271,"column":155}},{"start":{"line":271,"column":159},"end":{"line":271,"column":168}}],"line":271},"28":{"loc":{"start":{"line":273,"column":8},"end":{"line":334,"column":9}},"type":"if","locations":[{"start":{"line":273,"column":8},"end":{"line":334,"column":9}},{"start":{"line":299,"column":15},"end":{"line":334,"column":9}}],"line":273},"29":{"loc":{"start":{"line":273,"column":12},"end":{"line":273,"column":71}},"type":"binary-expr","locations":[{"start":{"line":273,"column":12},"end":{"line":273,"column":34}},{"start":{"line":273,"column":38},"end":{"line":273,"column":71}}],"line":273},"30":{"loc":{"start":{"line":275,"column":16},"end":{"line":275,"column":60}},"type":"if","locations":[{"start":{"line":275,"column":16},"end":{"line":275,"column":60}},{"start":{},"end":{}}],"line":275},"31":{"loc":{"start":{"line":283,"column":16},"end":{"line":283,"column":80}},"type":"if","locations":[{"start":{"line":283,"column":16},"end":{"line":283,"column":80}},{"start":{},"end":{}}],"line":283},"32":{"loc":{"start":{"line":284,"column":16},"end":{"line":284,"column":86}},"type":"if","locations":[{"start":{"line":284,"column":16},"end":{"line":284,"column":86}},{"start":{},"end":{}}],"line":284},"33":{"loc":{"start":{"line":286,"column":27},"end":{"line":286,"column":65}},"type":"cond-expr","locations":[{"start":{"line":286,"column":38},"end":{"line":286,"column":60}},{"start":{"line":286,"column":63},"end":{"line":286,"column":65}}],"line":286},"34":{"loc":{"start":{"line":287,"column":16},"end":{"line":287,"column":91}},"type":"if","locations":[{"start":{"line":287,"column":16},"end":{"line":287,"column":91}},{"start":{},"end":{}}],"line":287},"35":{"loc":{"start":{"line":288,"column":16},"end":{"line":288,"column":82}},"type":"if","locations":[{"start":{"line":288,"column":16},"end":{"line":288,"column":82}},{"start":{},"end":{}}],"line":288},"36":{"loc":{"start":{"line":296,"column":16},"end":{"line":296,"column":59}},"type":"if","locations":[{"start":{"line":296,"column":16},"end":{"line":296,"column":59}},{"start":{},"end":{}}],"line":296},"37":{"loc":{"start":{"line":299,"column":15},"end":{"line":334,"column":9}},"type":"if","locations":[{"start":{"line":299,"column":15},"end":{"line":334,"column":9}},{"start":{},"end":{}}],"line":299},"38":{"loc":{"start":{"line":299,"column":19},"end":{"line":299,"column":81}},"type":"binary-expr","locations":[{"start":{"line":299,"column":19},"end":{"line":299,"column":36}},{"start":{"line":299,"column":40},"end":{"line":299,"column":61}},{"start":{"line":299,"column":65},"end":{"line":299,"column":81}}],"line":299},"39":{"loc":{"start":{"line":309,"column":16},"end":{"line":309,"column":52}},"type":"if","locations":[{"start":{"line":309,"column":16},"end":{"line":309,"column":52}},{"start":{},"end":{}}],"line":309},"40":{"loc":{"start":{"line":313,"column":16},"end":{"line":313,"column":40}},"type":"if","locations":[{"start":{"line":313,"column":16},"end":{"line":313,"column":40}},{"start":{},"end":{}}],"line":313},"41":{"loc":{"start":{"line":317,"column":34},"end":{"line":317,"column":53}},"type":"binary-expr","locations":[{"start":{"line":317,"column":34},"end":{"line":317,"column":42}},{"start":{"line":317,"column":46},"end":{"line":317,"column":53}}],"line":317},"42":{"loc":{"start":{"line":336,"column":8},"end":{"line":354,"column":9}},"type":"if","locations":[{"start":{"line":336,"column":8},"end":{"line":354,"column":9}},{"start":{},"end":{}}],"line":336},"43":{"loc":{"start":{"line":336,"column":12},"end":{"line":336,"column":77}},"type":"binary-expr","locations":[{"start":{"line":336,"column":12},"end":{"line":336,"column":37}},{"start":{"line":336,"column":41},"end":{"line":336,"column":77}}],"line":336},"44":{"loc":{"start":{"line":341,"column":20},"end":{"line":349,"column":21}},"type":"if","locations":[{"start":{"line":341,"column":20},"end":{"line":349,"column":21}},{"start":{},"end":{}}],"line":341},"45":{"loc":{"start":{"line":344,"column":24},"end":{"line":348,"column":25}},"type":"if","locations":[{"start":{"line":344,"column":24},"end":{"line":348,"column":25}},{"start":{},"end":{}}],"line":344},"46":{"loc":{"start":{"line":373,"column":4},"end":{"line":377,"column":5}},"type":"if","locations":[{"start":{"line":373,"column":4},"end":{"line":377,"column":5}},{"start":{},"end":{}}],"line":373},"47":{"loc":{"start":{"line":379,"column":4},"end":{"line":379,"column":81}},"type":"if","locations":[{"start":{"line":379,"column":4},"end":{"line":379,"column":81}},{"start":{},"end":{}}],"line":379},"48":{"loc":{"start":{"line":382,"column":4},"end":{"line":384,"column":5}},"type":"if","locations":[{"start":{"line":382,"column":4},"end":{"line":384,"column":5}},{"start":{},"end":{}}],"line":382},"49":{"loc":{"start":{"line":382,"column":8},"end":{"line":382,"column":48}},"type":"binary-expr","locations":[{"start":{"line":382,"column":8},"end":{"line":382,"column":21}},{"start":{"line":382,"column":25},"end":{"line":382,"column":37}},{"start":{"line":382,"column":41},"end":{"line":382,"column":48}}],"line":382},"50":{"loc":{"start":{"line":388,"column":8},"end":{"line":388,"column":79}},"type":"if","locations":[{"start":{"line":388,"column":8},"end":{"line":388,"column":79}},{"start":{},"end":{}}],"line":388},"51":{"loc":{"start":{"line":391,"column":8},"end":{"line":393,"column":9}},"type":"if","locations":[{"start":{"line":391,"column":8},"end":{"line":393,"column":9}},{"start":{},"end":{}}],"line":391},"52":{"loc":{"start":{"line":399,"column":12},"end":{"line":399,"column":68}},"type":"if","locations":[{"start":{"line":399,"column":12},"end":{"line":399,"column":68}},{"start":{},"end":{}}],"line":399},"53":{"loc":{"start":{"line":399,"column":16},"end":{"line":399,"column":57}},"type":"binary-expr","locations":[{"start":{"line":399,"column":16},"end":{"line":399,"column":28}},{"start":{"line":399,"column":33},"end":{"line":399,"column":41}},{"start":{"line":399,"column":45},"end":{"line":399,"column":56}}],"line":399},"54":{"loc":{"start":{"line":402,"column":12},"end":{"line":402,"column":38}},"type":"if","locations":[{"start":{"line":402,"column":12},"end":{"line":402,"column":38}},{"start":{},"end":{}}],"line":402},"55":{"loc":{"start":{"line":407,"column":12},"end":{"line":427,"column":13}},"type":"if","locations":[{"start":{"line":407,"column":12},"end":{"line":427,"column":13}},{"start":{"line":414,"column":19},"end":{"line":427,"column":13}}],"line":407},"56":{"loc":{"start":{"line":409,"column":34},"end":{"line":409,"column":47}},"type":"binary-expr","locations":[{"start":{"line":409,"column":34},"end":{"line":409,"column":41}},{"start":{"line":409,"column":45},"end":{"line":409,"column":47}}],"line":409},"57":{"loc":{"start":{"line":410,"column":37},"end":{"line":410,"column":53}},"type":"binary-expr","locations":[{"start":{"line":410,"column":37},"end":{"line":410,"column":47}},{"start":{"line":410,"column":51},"end":{"line":410,"column":53}}],"line":410},"58":{"loc":{"start":{"line":420,"column":34},"end":{"line":420,"column":47}},"type":"binary-expr","locations":[{"start":{"line":420,"column":34},"end":{"line":420,"column":41}},{"start":{"line":420,"column":45},"end":{"line":420,"column":47}}],"line":420},"59":{"loc":{"start":{"line":421,"column":37},"end":{"line":421,"column":53}},"type":"binary-expr","locations":[{"start":{"line":421,"column":37},"end":{"line":421,"column":47}},{"start":{"line":421,"column":51},"end":{"line":421,"column":53}}],"line":421},"60":{"loc":{"start":{"line":439,"column":4},"end":{"line":439,"column":66}},"type":"if","locations":[{"start":{"line":439,"column":4},"end":{"line":439,"column":66}},{"start":{},"end":{}}],"line":439},"61":{"loc":{"start":{"line":443,"column":8},"end":{"line":443,"column":87}},"type":"if","locations":[{"start":{"line":443,"column":8},"end":{"line":443,"column":87}},{"start":{},"end":{}}],"line":443},"62":{"loc":{"start":{"line":443,"column":12},"end":{"line":443,"column":31}},"type":"binary-expr","locations":[{"start":{"line":443,"column":12},"end":{"line":443,"column":21}},{"start":{"line":443,"column":25},"end":{"line":443,"column":31}}],"line":443},"63":{"loc":{"start":{"line":446,"column":8},"end":{"line":446,"column":80}},"type":"if","locations":[{"start":{"line":446,"column":8},"end":{"line":446,"column":80}},{"start":{},"end":{}}],"line":446},"64":{"loc":{"start":{"line":449,"column":8},"end":{"line":449,"column":88}},"type":"if","locations":[{"start":{"line":449,"column":8},"end":{"line":449,"column":88}},{"start":{},"end":{}}],"line":449},"65":{"loc":{"start":{"line":464,"column":32},"end":{"line":464,"column":64}},"type":"cond-expr","locations":[{"start":{"line":464,"column":47},"end":{"line":464,"column":59}},{"start":{"line":464,"column":62},"end":{"line":464,"column":64}}],"line":464},"66":{"loc":{"start":{"line":466,"column":34},"end":{"line":466,"column":93}},"type":"cond-expr","locations":[{"start":{"line":466,"column":51},"end":{"line":466,"column":88}},{"start":{"line":466,"column":91},"end":{"line":466,"column":93}}],"line":466},"67":{"loc":{"start":{"line":467,"column":30},"end":{"line":467,"column":74}},"type":"binary-expr","locations":[{"start":{"line":467,"column":30},"end":{"line":467,"column":51}},{"start":{"line":467,"column":55},"end":{"line":467,"column":68}},{"start":{"line":467,"column":72},"end":{"line":467,"column":74}}],"line":467},"68":{"loc":{"start":{"line":468,"column":65},"end":{"line":468,"column":88}},"type":"binary-expr","locations":[{"start":{"line":468,"column":65},"end":{"line":468,"column":82}},{"start":{"line":468,"column":86},"end":{"line":468,"column":88}}],"line":468},"69":{"loc":{"start":{"line":469,"column":32},"end":{"line":469,"column":50}},"type":"binary-expr","locations":[{"start":{"line":469,"column":32},"end":{"line":469,"column":44}},{"start":{"line":469,"column":48},"end":{"line":469,"column":50}}],"line":469},"70":{"loc":{"start":{"line":470,"column":36},"end":{"line":470,"column":54}},"type":"binary-expr","locations":[{"start":{"line":470,"column":36},"end":{"line":470,"column":48}},{"start":{"line":470,"column":52},"end":{"line":470,"column":54}}],"line":470},"71":{"loc":{"start":{"line":473,"column":38},"end":{"line":473,"column":67}},"type":"binary-expr","locations":[{"start":{"line":473,"column":38},"end":{"line":473,"column":61}},{"start":{"line":473,"column":65},"end":{"line":473,"column":67}}],"line":473},"72":{"loc":{"start":{"line":476,"column":20},"end":{"line":476,"column":59}},"type":"if","locations":[{"start":{"line":476,"column":20},"end":{"line":476,"column":59}},{"start":{},"end":{}}],"line":476},"73":{"loc":{"start":{"line":477,"column":20},"end":{"line":479,"column":21}},"type":"if","locations":[{"start":{"line":477,"column":20},"end":{"line":479,"column":21}},{"start":{},"end":{}}],"line":477},"74":{"loc":{"start":{"line":477,"column":24},"end":{"line":477,"column":84}},"type":"binary-expr","locations":[{"start":{"line":477,"column":24},"end":{"line":477,"column":41}},{"start":{"line":477,"column":45},"end":{"line":477,"column":62}},{"start":{"line":477,"column":66},"end":{"line":477,"column":84}}],"line":477},"75":{"loc":{"start":{"line":500,"column":4},"end":{"line":503,"column":5}},"type":"if","locations":[{"start":{"line":500,"column":4},"end":{"line":503,"column":5}},{"start":{},"end":{}}],"line":500},"76":{"loc":{"start":{"line":504,"column":4},"end":{"line":504,"column":81}},"type":"if","locations":[{"start":{"line":504,"column":4},"end":{"line":504,"column":81}},{"start":{},"end":{}}],"line":504},"77":{"loc":{"start":{"line":508,"column":8},"end":{"line":508,"column":87}},"type":"if","locations":[{"start":{"line":508,"column":8},"end":{"line":508,"column":87}},{"start":{},"end":{}}],"line":508},"78":{"loc":{"start":{"line":508,"column":12},"end":{"line":508,"column":31}},"type":"binary-expr","locations":[{"start":{"line":508,"column":12},"end":{"line":508,"column":21}},{"start":{"line":508,"column":25},"end":{"line":508,"column":31}}],"line":508},"79":{"loc":{"start":{"line":511,"column":8},"end":{"line":511,"column":80}},"type":"if","locations":[{"start":{"line":511,"column":8},"end":{"line":511,"column":80}},{"start":{},"end":{}}],"line":511},"80":{"loc":{"start":{"line":514,"column":8},"end":{"line":514,"column":88}},"type":"if","locations":[{"start":{"line":514,"column":8},"end":{"line":514,"column":88}},{"start":{},"end":{}}],"line":514},"81":{"loc":{"start":{"line":517,"column":28},"end":{"line":517,"column":61}},"type":"binary-expr","locations":[{"start":{"line":517,"column":28},"end":{"line":517,"column":55}},{"start":{"line":517,"column":59},"end":{"line":517,"column":61}}],"line":517},"82":{"loc":{"start":{"line":519,"column":8},"end":{"line":548,"column":9}},"type":"if","locations":[{"start":{"line":519,"column":8},"end":{"line":548,"column":9}},{"start":{"line":522,"column":15},"end":{"line":548,"column":9}}],"line":519},"83":{"loc":{"start":{"line":521,"column":12},"end":{"line":521,"column":92}},"type":"if","locations":[{"start":{"line":521,"column":12},"end":{"line":521,"column":92}},{"start":{},"end":{}}],"line":521},"84":{"loc":{"start":{"line":522,"column":15},"end":{"line":548,"column":9}},"type":"if","locations":[{"start":{"line":522,"column":15},"end":{"line":548,"column":9}},{"start":{"line":546,"column":15},"end":{"line":548,"column":9}}],"line":522},"85":{"loc":{"start":{"line":525,"column":12},"end":{"line":525,"column":93}},"type":"if","locations":[{"start":{"line":525,"column":12},"end":{"line":525,"column":93}},{"start":{},"end":{}}],"line":525},"86":{"loc":{"start":{"line":528,"column":30},"end":{"line":528,"column":66}},"type":"cond-expr","locations":[{"start":{"line":528,"column":57},"end":{"line":528,"column":60}},{"start":{"line":528,"column":63},"end":{"line":528,"column":66}}],"line":528},"87":{"loc":{"start":{"line":533,"column":50},"end":{"line":533,"column":95}},"type":"binary-expr","locations":[{"start":{"line":533,"column":50},"end":{"line":533,"column":73}},{"start":{"line":533,"column":77},"end":{"line":533,"column":95}}],"line":533},"88":{"loc":{"start":{"line":536,"column":12},"end":{"line":536,"column":100}},"type":"if","locations":[{"start":{"line":536,"column":12},"end":{"line":536,"column":100}},{"start":{},"end":{}}],"line":536},"89":{"loc":{"start":{"line":542,"column":31},"end":{"line":542,"column":64}},"type":"cond-expr","locations":[{"start":{"line":542,"column":47},"end":{"line":542,"column":59}},{"start":{"line":542,"column":62},"end":{"line":542,"column":64}}],"line":542},"90":{"loc":{"start":{"line":543,"column":40},"end":{"line":543,"column":73}},"type":"cond-expr","locations":[{"start":{"line":543,"column":56},"end":{"line":543,"column":68}},{"start":{"line":543,"column":71},"end":{"line":543,"column":73}}],"line":543},"91":{"loc":{"start":{"line":555,"column":12},"end":{"line":555,"column":38}},"type":"if","locations":[{"start":{"line":555,"column":12},"end":{"line":555,"column":38}},{"start":{},"end":{}}],"line":555},"92":{"loc":{"start":{"line":556,"column":12},"end":{"line":556,"column":60}},"type":"if","locations":[{"start":{"line":556,"column":12},"end":{"line":556,"column":60}},{"start":{},"end":{}}],"line":556},"93":{"loc":{"start":{"line":556,"column":16},"end":{"line":556,"column":49}},"type":"binary-expr","locations":[{"start":{"line":556,"column":16},"end":{"line":556,"column":26}},{"start":{"line":556,"column":30},"end":{"line":556,"column":49}}],"line":556},"94":{"loc":{"start":{"line":560,"column":12},"end":{"line":584,"column":13}},"type":"if","locations":[{"start":{"line":560,"column":12},"end":{"line":584,"column":13}},{"start":{},"end":{}}],"line":560},"95":{"loc":{"start":{"line":562,"column":34},"end":{"line":562,"column":49}},"type":"binary-expr","locations":[{"start":{"line":562,"column":34},"end":{"line":562,"column":43}},{"start":{"line":562,"column":47},"end":{"line":562,"column":49}}],"line":562},"96":{"loc":{"start":{"line":563,"column":37},"end":{"line":563,"column":61}},"type":"binary-expr","locations":[{"start":{"line":563,"column":37},"end":{"line":563,"column":55}},{"start":{"line":563,"column":59},"end":{"line":563,"column":61}}],"line":563},"97":{"loc":{"start":{"line":570,"column":16},"end":{"line":572,"column":17}},"type":"if","locations":[{"start":{"line":570,"column":16},"end":{"line":572,"column":17}},{"start":{},"end":{}}],"line":570},"98":{"loc":{"start":{"line":570,"column":20},"end":{"line":570,"column":86}},"type":"binary-expr","locations":[{"start":{"line":570,"column":20},"end":{"line":570,"column":32}},{"start":{"line":570,"column":36},"end":{"line":570,"column":86}}],"line":570},"99":{"loc":{"start":{"line":577,"column":62},"end":{"line":577,"column":99}},"type":"cond-expr","locations":[{"start":{"line":577,"column":74},"end":{"line":577,"column":94}},{"start":{"line":577,"column":97},"end":{"line":577,"column":99}}],"line":577},"100":{"loc":{"start":{"line":599,"column":8},"end":{"line":599,"column":36}},"type":"if","locations":[{"start":{"line":599,"column":8},"end":{"line":599,"column":36}},{"start":{},"end":{}}],"line":599},"101":{"loc":{"start":{"line":605,"column":12},"end":{"line":605,"column":65}},"type":"if","locations":[{"start":{"line":605,"column":12},"end":{"line":605,"column":65}},{"start":{},"end":{}}],"line":605}},"s":{"0":3,"1":3,"2":3,"3":3,"4":3,"5":3,"6":3,"7":0,"8":0,"9":0,"10":0,"11":0,"12":0,"13":0,"14":0,"15":0,"16":0,"17":0,"18":0,"19":0,"20":0,"21":0,"22":0,"23":0,"24":0,"25":0,"26":0,"27":0,"28":0,"29":0,"30":0,"31":0,"32":0,"33":0,"34":0,"35":0,"36":0,"37":0,"38":0,"39":0,"40":0,"41":0,"42":0,"43":0,"44":0,"45":0,"46":0,"47":0,"48":0,"49":0,"50":0,"51":3,"52":3,"53":38,"54":37,"55":1,"56":1,"57":1,"58":0,"59":1,"60":1,"61":1,"62":0,"63":1,"64":1,"65":1,"66":1,"67":0,"68":1,"69":1,"70":0,"71":3,"72":1,"73":1,"74":1,"75":0,"76":0,"77":0,"78":0,"79":0,"80":0,"81":0,"82":0,"83":0,"84":0,"85":0,"86":0,"87":0,"88":0,"89":0,"90":0,"91":0,"92":0,"93":0,"94":0,"95":0,"96":0,"97":0,"98":0,"99":0,"100":0,"101":0,"102":0,"103":0,"104":0,"105":0,"106":0,"107":0,"108":0,"109":0,"110":0,"111":0,"112":0,"113":0,"114":0,"115":0,"116":0,"117":0,"118":0,"119":0,"120":0,"121":0,"122":0,"123":0,"124":0,"125":0,"126":0,"127":0,"128":0,"129":0,"130":0,"131":0,"132":0,"133":0,"134":0,"135":0,"136":0,"137":0,"138":0,"139":0,"140":0,"141":0,"142":0,"143":0,"144":0,"145":0,"146":0,"147":0,"148":0,"149":0,"150":0,"151":0,"152":0,"153":3,"154":3,"155":3,"156":3,"157":0,"158":0,"159":0,"160":3,"161":0,"162":3,"163":3,"164":1,"165":2,"166":2,"167":2,"168":0,"169":2,"170":2,"171":1,"172":1,"173":1,"174":1,"175":1,"176":0,"177":1,"178":1,"179":0,"180":1,"181":1,"182":1,"183":1,"184":1,"185":0,"186":0,"187":0,"188":1,"189":1,"190":0,"191":3,"192":0,"193":0,"194":0,"195":0,"196":0,"197":0,"198":0,"199":0,"200":0,"201":0,"202":0,"203":0,"204":0,"205":0,"206":0,"207":0,"208":0,"209":0,"210":0,"211":0,"212":0,"213":0,"214":0,"215":0,"216":0,"217":0,"218":0,"219":0,"220":0,"221":0,"222":0,"223":0,"224":0,"225":0,"226":0,"227":0,"228":0,"229":0,"230":0,"231":0,"232":0,"233":0,"234":0,"235":0,"236":0,"237":0,"238":3,"239":0,"240":0,"241":0,"242":0,"243":0,"244":0,"245":0,"246":0,"247":0,"248":0,"249":0,"250":0,"251":0,"252":0,"253":0,"254":0,"255":0,"256":0,"257":0,"258":0,"259":0,"260":0,"261":0,"262":0,"263":0,"264":0,"265":0,"266":0,"267":0,"268":0,"269":0,"270":0,"271":0,"272":0,"273":0,"274":0,"275":0,"276":0,"277":0,"278":0,"279":0,"280":0,"281":0,"282":0,"283":0,"284":0,"285":0,"286":0,"287":0,"288":0,"289":0,"290":0,"291":0,"292":0,"293":0,"294":0,"295":0,"296":0,"297":0,"298":0,"299":0,"300":0,"301":0,"302":0,"303":0,"304":0,"305":0,"306":0,"307":0,"308":0,"309":0,"310":3,"311":0,"312":0,"313":0,"314":0,"315":0,"316":0,"317":0,"318":0,"319":0,"320":0,"321":0,"322":0,"323":0,"324":0,"325":0,"326":0,"327":0,"328":0,"329":0,"330":0,"331":0,"332":0,"333":0},"f":{"0":0,"1":0,"2":38,"3":0,"4":1,"5":0,"6":0,"7":0,"8":0,"9":0,"10":3,"11":0,"12":0,"13":0,"14":0,"15":0,"16":0,"17":0,"18":0,"19":0,"20":0,"21":0},"b":{"0":[0,0],"1":[0,0,0],"2":[0,0],"3":[0,0,0],"4":[0,0],"5":[0,0],"6":[0,0],"7":[0,0],"8":[0,0],"9":[0,0],"10":[0,0],"11":[0,0],"12":[0,0],"13":[0,0],"14":[0,0],"15":[0,0],"16":[0,0],"17":[0,0],"18":[0,0],"19":[0,0],"20":[0,0],"21":[0,0],"22":[37,1],"23":[0,1],"24":[0,1],"25":[1,0],"26":[0,0],"27":[0,0],"28":[0,0],"29":[0,0],"30":[0,0],"31":[0,0],"32":[0,0],"33":[0,0],"34":[0,0],"35":[0,0],"36":[0,0],"37":[0,0],"38":[0,0,0],"39":[0,0],"40":[0,0],"41":[0,0],"42":[0,0],"43":[0,0],"44":[0,0],"45":[0,0],"46":[0,3],"47":[0,3],"48":[1,2],"49":[3,3,2],"50":[0,2],"51":[1,1],"52":[0,1],"53":[1,1,0],"54":[0,1],"55":[1,0],"56":[1,0],"57":[1,1],"58":[0,0],"59":[0,0],"60":[0,0],"61":[0,0],"62":[0,0],"63":[0,0],"64":[0,0],"65":[0,0],"66":[0,0],"67":[0,0,0],"68":[0,0],"69":[0,0],"70":[0,0],"71":[0,0],"72":[0,0],"73":[0,0],"74":[0,0,0],"75":[0,0],"76":[0,0],"77":[0,0],"78":[0,0],"79":[0,0],"80":[0,0],"81":[0,0],"82":[0,0],"83":[0,0],"84":[0,0],"85":[0,0],"86":[0,0],"87":[0,0],"88":[0,0],"89":[0,0],"90":[0,0],"91":[0,0],"92":[0,0],"93":[0,0],"94":[0,0],"95":[0,0],"96":[0,0],"97":[0,0],"98":[0,0],"99":[0,0],"100":[0,0],"101":[0,0]},"_coverageSchema":"1a1c01bbd47fc00a2c39e90264f33305004495a9","hash":"9c908831dd43d49c4781c648a10386031f3a1b51"}
,"/home/mrtin/dev/gaula/functions/actions/admin.js": {"path":"/home/mrtin/dev/gaula/functions/actions/admin.js","statementMap":{"0":{"start":{"line":2,"column":33},"end":{"line":2,"column":40}},"1":{"start":{"line":3,"column":26},"end":{"line":3,"column":33}},"2":{"start":{"line":4,"column":22},"end":{"line":4,"column":42}},"3":{"start":{"line":5,"column":4},"end":{"line":5,"column":91}},"4":{"start":{"line":5,"column":36},"end":{"line":5,"column":91}},"5":{"start":{"line":7,"column":4},"end":{"line":9,"column":7}},"6":{"start":{"line":10,"column":4},"end":{"line":10,"column":29}},"7":{"start":{"line":14,"column":33},"end":{"line":14,"column":40}},"8":{"start":{"line":15,"column":35},"end":{"line":15,"column":42}},"9":{"start":{"line":16,"column":22},"end":{"line":16,"column":42}},"10":{"start":{"line":17,"column":4},"end":{"line":17,"column":99}},"11":{"start":{"line":17,"column":36},"end":{"line":17,"column":99}},"12":{"start":{"line":18,"column":4},"end":{"line":18,"column":92}},"13":{"start":{"line":18,"column":60},"end":{"line":18,"column":92}},"14":{"start":{"line":20,"column":4},"end":{"line":22,"column":7}},"15":{"start":{"line":23,"column":4},"end":{"line":23,"column":29}},"16":{"start":{"line":27,"column":19},"end":{"line":27,"column":26}},"17":{"start":{"line":28,"column":4},"end":{"line":28,"column":77}},"18":{"start":{"line":29,"column":4},"end":{"line":29,"column":29}},"19":{"start":{"line":33,"column":19},"end":{"line":33,"column":26}},"20":{"start":{"line":34,"column":17},"end":{"line":34,"column":54}},"21":{"start":{"line":35,"column":18},"end":{"line":35,"column":65}},"22":{"start":{"line":35,"column":38},"end":{"line":35,"column":63}},"23":{"start":{"line":36,"column":4},"end":{"line":36,"column":79}},"24":{"start":{"line":36,"column":25},"end":{"line":36,"column":77}},"25":{"start":{"line":37,"column":4},"end":{"line":37,"column":17}},"26":{"start":{"line":41,"column":19},"end":{"line":41,"column":26}},"27":{"start":{"line":42,"column":24},"end":{"line":42,"column":60}},"28":{"start":{"line":43,"column":20},"end":{"line":43,"column":22}},"29":{"start":{"line":44,"column":4},"end":{"line":57,"column":5}},"30":{"start":{"line":45,"column":18},"end":{"line":45,"column":47}},"31":{"start":{"line":46,"column":29},"end":{"line":46,"column":104}},"32":{"start":{"line":47,"column":8},"end":{"line":47,"column":31}},"33":{"start":{"line":48,"column":8},"end":{"line":55,"column":9}},"34":{"start":{"line":49,"column":26},"end":{"line":49,"column":37}},"35":{"start":{"line":50,"column":29},"end":{"line":50,"column":88}},"36":{"start":{"line":51,"column":12},"end":{"line":54,"column":15}},"37":{"start":{"line":56,"column":8},"end":{"line":56,"column":24}},"38":{"start":{"line":58,"column":4},"end":{"line":62,"column":7}},"39":{"start":{"line":59,"column":19},"end":{"line":59,"column":128}},"40":{"start":{"line":60,"column":19},"end":{"line":60,"column":128}},"41":{"start":{"line":61,"column":8},"end":{"line":61,"column":23}},"42":{"start":{"line":63,"column":4},"end":{"line":63,"column":19}},"43":{"start":{"line":67,"column":19},"end":{"line":67,"column":26}},"44":{"start":{"line":68,"column":17},"end":{"line":68,"column":69}},"45":{"start":{"line":69,"column":4},"end":{"line":69,"column":42}},"46":{"start":{"line":73,"column":33},"end":{"line":73,"column":40}},"47":{"start":{"line":74,"column":22},"end":{"line":74,"column":42}},"48":{"start":{"line":75,"column":4},"end":{"line":75,"column":91}},"49":{"start":{"line":75,"column":36},"end":{"line":75,"column":91}},"50":{"start":{"line":76,"column":4},"end":{"line":76,"column":81}},"51":{"start":{"line":77,"column":4},"end":{"line":77,"column":29}},"52":{"start":{"line":81,"column":19},"end":{"line":81,"column":26}},"53":{"start":{"line":82,"column":21},"end":{"line":82,"column":37}},"54":{"start":{"line":83,"column":18},"end":{"line":83,"column":68}},"55":{"start":{"line":84,"column":4},"end":{"line":84,"column":59}},"56":{"start":{"line":84,"column":23},"end":{"line":84,"column":59}},"57":{"start":{"line":85,"column":19},"end":{"line":85,"column":31}},"58":{"start":{"line":86,"column":4},"end":{"line":86,"column":25}},"59":{"start":{"line":89,"column":18},"end":{"line":89,"column":97}},"60":{"start":{"line":90,"column":4},"end":{"line":90,"column":25}},"61":{"start":{"line":91,"column":4},"end":{"line":95,"column":5}},"62":{"start":{"line":92,"column":22},"end":{"line":92,"column":32}},"63":{"start":{"line":93,"column":22},"end":{"line":93,"column":81}},"64":{"start":{"line":94,"column":8},"end":{"line":94,"column":43}},"65":{"start":{"line":98,"column":18},"end":{"line":98,"column":95}},"66":{"start":{"line":99,"column":4},"end":{"line":99,"column":25}},"67":{"start":{"line":100,"column":4},"end":{"line":104,"column":5}},"68":{"start":{"line":101,"column":22},"end":{"line":101,"column":32}},"69":{"start":{"line":102,"column":22},"end":{"line":102,"column":81}},"70":{"start":{"line":103,"column":8},"end":{"line":103,"column":43}},"71":{"start":{"line":107,"column":18},"end":{"line":107,"column":93}},"72":{"start":{"line":108,"column":4},"end":{"line":108,"column":74}},"73":{"start":{"line":108,"column":46},"end":{"line":108,"column":71}},"74":{"start":{"line":110,"column":4},"end":{"line":110,"column":18}},"75":{"start":{"line":114,"column":40},"end":{"line":114,"column":47}},"76":{"start":{"line":115,"column":26},"end":{"line":115,"column":33}},"77":{"start":{"line":116,"column":22},"end":{"line":116,"column":42}},"78":{"start":{"line":117,"column":4},"end":{"line":117,"column":103}},"79":{"start":{"line":117,"column":36},"end":{"line":117,"column":103}},"80":{"start":{"line":120,"column":4},"end":{"line":124,"column":5}},"81":{"start":{"line":121,"column":8},"end":{"line":121,"column":49}},"82":{"start":{"line":123,"column":8},"end":{"line":123,"column":98}},"83":{"start":{"line":127,"column":4},"end":{"line":127,"column":60}},"84":{"start":{"line":130,"column":24},"end":{"line":130,"column":103}},"85":{"start":{"line":131,"column":18},"end":{"line":131,"column":28}},"86":{"start":{"line":132,"column":4},"end":{"line":134,"column":7}},"87":{"start":{"line":133,"column":8},"end":{"line":133,"column":30}},"88":{"start":{"line":137,"column":25},"end":{"line":137,"column":106}},"89":{"start":{"line":138,"column":4},"end":{"line":140,"column":7}},"90":{"start":{"line":139,"column":8},"end":{"line":139,"column":30}},"91":{"start":{"line":142,"column":4},"end":{"line":142,"column":25}},"92":{"start":{"line":143,"column":4},"end":{"line":143,"column":29}},"93":{"start":{"line":146,"column":0},"end":{"line":156,"column":2}}},"fnMap":{"0":{"name":"approveUser","decl":{"start":{"line":1,"column":15},"end":{"line":1,"column":26}},"loc":{"start":{"line":1,"column":45},"end":{"line":11,"column":1}},"line":1},"1":{"name":"updateUserRole","decl":{"start":{"line":13,"column":15},"end":{"line":13,"column":29}},"loc":{"start":{"line":13,"column":48},"end":{"line":24,"column":1}},"line":13},"2":{"name":"updateUserProfile","decl":{"start":{"line":26,"column":15},"end":{"line":26,"column":32}},"loc":{"start":{"line":26,"column":51},"end":{"line":30,"column":1}},"line":26},"3":{"name":"getAdminUsers","decl":{"start":{"line":32,"column":15},"end":{"line":32,"column":28}},"loc":{"start":{"line":32,"column":47},"end":{"line":38,"column":1}},"line":32},"4":{"name":"(anonymous_4)","decl":{"start":{"line":35,"column":32},"end":{"line":35,"column":33}},"loc":{"start":{"line":35,"column":38},"end":{"line":35,"column":63}},"line":35},"5":{"name":"(anonymous_5)","decl":{"start":{"line":36,"column":15},"end":{"line":36,"column":16}},"loc":{"start":{"line":36,"column":25},"end":{"line":36,"column":77}},"line":36},"6":{"name":"getAdminCourses","decl":{"start":{"line":40,"column":15},"end":{"line":40,"column":30}},"loc":{"start":{"line":40,"column":49},"end":{"line":64,"column":1}},"line":40},"7":{"name":"(anonymous_7)","decl":{"start":{"line":58,"column":17},"end":{"line":58,"column":18}},"loc":{"start":{"line":58,"column":27},"end":{"line":62,"column":5}},"line":58},"8":{"name":"getGlobalSettings","decl":{"start":{"line":66,"column":15},"end":{"line":66,"column":32}},"loc":{"start":{"line":66,"column":51},"end":{"line":70,"column":1}},"line":66},"9":{"name":"saveGlobalSettings","decl":{"start":{"line":72,"column":15},"end":{"line":72,"column":33}},"loc":{"start":{"line":72,"column":52},"end":{"line":78,"column":1}},"line":72},"10":{"name":"getAdminCourseDetails","decl":{"start":{"line":80,"column":15},"end":{"line":80,"column":36}},"loc":{"start":{"line":80,"column":55},"end":{"line":111,"column":1}},"line":80},"11":{"name":"(anonymous_11)","decl":{"start":{"line":108,"column":40},"end":{"line":108,"column":41}},"loc":{"start":{"line":108,"column":46},"end":{"line":108,"column":71}},"line":108},"12":{"name":"deleteUser","decl":{"start":{"line":113,"column":15},"end":{"line":113,"column":25}},"loc":{"start":{"line":113,"column":44},"end":{"line":144,"column":1}},"line":113},"13":{"name":"(anonymous_13)","decl":{"start":{"line":132,"column":29},"end":{"line":132,"column":30}},"loc":{"start":{"line":132,"column":36},"end":{"line":134,"column":5}},"line":132},"14":{"name":"(anonymous_14)","decl":{"start":{"line":138,"column":30},"end":{"line":138,"column":31}},"loc":{"start":{"line":138,"column":37},"end":{"line":140,"column":5}},"line":138}},"branchMap":{"0":{"loc":{"start":{"line":5,"column":4},"end":{"line":5,"column":91}},"type":"if","locations":[{"start":{"line":5,"column":4},"end":{"line":5,"column":91}},{"start":{},"end":{}}],"line":5},"1":{"loc":{"start":{"line":17,"column":4},"end":{"line":17,"column":99}},"type":"if","locations":[{"start":{"line":17,"column":4},"end":{"line":17,"column":99}},{"start":{},"end":{}}],"line":17},"2":{"loc":{"start":{"line":18,"column":4},"end":{"line":18,"column":92}},"type":"if","locations":[{"start":{"line":18,"column":4},"end":{"line":18,"column":92}},{"start":{},"end":{}}],"line":18},"3":{"loc":{"start":{"line":36,"column":26},"end":{"line":36,"column":43}},"type":"binary-expr","locations":[{"start":{"line":36,"column":26},"end":{"line":36,"column":37}},{"start":{"line":36,"column":41},"end":{"line":36,"column":43}}],"line":36},"4":{"loc":{"start":{"line":36,"column":59},"end":{"line":36,"column":76}},"type":"binary-expr","locations":[{"start":{"line":36,"column":59},"end":{"line":36,"column":70}},{"start":{"line":36,"column":74},"end":{"line":36,"column":76}}],"line":36},"5":{"loc":{"start":{"line":59,"column":19},"end":{"line":59,"column":128}},"type":"cond-expr","locations":[{"start":{"line":59,"column":35},"end":{"line":59,"column":123}},{"start":{"line":59,"column":127},"end":{"line":59,"column":128}}],"line":59},"6":{"loc":{"start":{"line":59,"column":35},"end":{"line":59,"column":123}},"type":"cond-expr","locations":[{"start":{"line":59,"column":57},"end":{"line":59,"column":88}},{"start":{"line":59,"column":91},"end":{"line":59,"column":123}}],"line":59},"7":{"loc":{"start":{"line":60,"column":19},"end":{"line":60,"column":128}},"type":"cond-expr","locations":[{"start":{"line":60,"column":35},"end":{"line":60,"column":123}},{"start":{"line":60,"column":127},"end":{"line":60,"column":128}}],"line":60},"8":{"loc":{"start":{"line":60,"column":35},"end":{"line":60,"column":123}},"type":"cond-expr","locations":[{"start":{"line":60,"column":57},"end":{"line":60,"column":88}},{"start":{"line":60,"column":91},"end":{"line":60,"column":123}}],"line":60},"9":{"loc":{"start":{"line":69,"column":11},"end":{"line":69,"column":41}},"type":"cond-expr","locations":[{"start":{"line":69,"column":25},"end":{"line":69,"column":36}},{"start":{"line":69,"column":39},"end":{"line":69,"column":41}}],"line":69},"10":{"loc":{"start":{"line":75,"column":4},"end":{"line":75,"column":91}},"type":"if","locations":[{"start":{"line":75,"column":4},"end":{"line":75,"column":91}},{"start":{},"end":{}}],"line":75},"11":{"loc":{"start":{"line":84,"column":4},"end":{"line":84,"column":59}},"type":"if","locations":[{"start":{"line":84,"column":4},"end":{"line":84,"column":59}},{"start":{},"end":{}}],"line":84},"12":{"loc":{"start":{"line":117,"column":4},"end":{"line":117,"column":103}},"type":"if","locations":[{"start":{"line":117,"column":4},"end":{"line":117,"column":103}},{"start":{},"end":{}}],"line":117}},"s":{"0":2,"1":2,"2":2,"3":2,"4":1,"5":1,"6":1,"7":3,"8":3,"9":3,"10":3,"11":1,"12":2,"13":1,"14":1,"15":1,"16":1,"17":1,"18":1,"19":1,"20":1,"21":1,"22":1,"23":1,"24":0,"25":1,"26":1,"27":1,"28":1,"29":1,"30":1,"31":1,"32":1,"33":1,"34":1,"35":1,"36":1,"37":1,"38":1,"39":0,"40":0,"41":0,"42":1,"43":1,"44":1,"45":1,"46":1,"47":1,"48":1,"49":0,"50":1,"51":1,"52":2,"53":2,"54":2,"55":2,"56":1,"57":1,"58":1,"59":1,"60":1,"61":1,"62":1,"63":1,"64":1,"65":1,"66":1,"67":1,"68":1,"69":1,"70":1,"71":1,"72":1,"73":1,"74":1,"75":1,"76":1,"77":1,"78":1,"79":0,"80":1,"81":1,"82":0,"83":1,"84":1,"85":1,"86":1,"87":0,"88":1,"89":1,"90":0,"91":1,"92":1,"93":1},"f":{"0":2,"1":3,"2":1,"3":1,"4":1,"5":0,"6":1,"7":0,"8":1,"9":1,"10":2,"11":1,"12":1,"13":0,"14":0},"b":{"0":[1,1],"1":[1,2],"2":[1,1],"3":[0,0],"4":[0,0],"5":[0,0],"6":[0,0],"7":[0,0],"8":[0,0],"9":[1,0],"10":[0,1],"11":[1,1],"12":[0,1]},"_coverageSchema":"1a1c01bbd47fc00a2c39e90264f33305004495a9","hash":"e9a7b881409f3158d647ff1b88afb77c6045fe72"}
,"/home/mrtin/dev/gaula/functions/actions/announcements.js": {"path":"/home/mrtin/dev/gaula/functions/actions/announcements.js","statementMap":{"0":{"start":{"line":2,"column":31},"end":{"line":2,"column":38}},"1":{"start":{"line":3,"column":4},"end":{"line":8,"column":7}},"2":{"start":{"line":9,"column":4},"end":{"line":9,"column":29}},"3":{"start":{"line":13,"column":24},"end":{"line":13,"column":31}},"4":{"start":{"line":14,"column":17},"end":{"line":14,"column":130}},"5":{"start":{"line":15,"column":16},"end":{"line":15,"column":63}},"6":{"start":{"line":15,"column":36},"end":{"line":15,"column":61}},"7":{"start":{"line":16,"column":4},"end":{"line":16,"column":15}},"8":{"start":{"line":20,"column":24},"end":{"line":20,"column":31}},"9":{"start":{"line":21,"column":22},"end":{"line":21,"column":45}},"10":{"start":{"line":22,"column":4},"end":{"line":22,"column":42}},"11":{"start":{"line":22,"column":32},"end":{"line":22,"column":42}},"12":{"start":{"line":24,"column":16},"end":{"line":24,"column":18}},"13":{"start":{"line":25,"column":19},"end":{"line":25,"column":21}},"14":{"start":{"line":26,"column":4},"end":{"line":28,"column":5}},"15":{"start":{"line":26,"column":17},"end":{"line":26,"column":18}},"16":{"start":{"line":27,"column":8},"end":{"line":27,"column":48}},"17":{"start":{"line":30,"column":4},"end":{"line":42,"column":5}},"18":{"start":{"line":31,"column":21},"end":{"line":31,"column":135}},"19":{"start":{"line":32,"column":8},"end":{"line":41,"column":9}},"20":{"start":{"line":33,"column":25},"end":{"line":33,"column":35}},"21":{"start":{"line":34,"column":27},"end":{"line":34,"column":96}},"22":{"start":{"line":35,"column":27},"end":{"line":35,"column":45}},"23":{"start":{"line":36,"column":12},"end":{"line":40,"column":15}},"24":{"start":{"line":44,"column":4},"end":{"line":48,"column":7}},"25":{"start":{"line":45,"column":19},"end":{"line":45,"column":61}},"26":{"start":{"line":46,"column":20},"end":{"line":46,"column":62}},"27":{"start":{"line":47,"column":8},"end":{"line":47,"column":24}},"28":{"start":{"line":49,"column":4},"end":{"line":49,"column":15}},"29":{"start":{"line":53,"column":31},"end":{"line":53,"column":38}},"30":{"start":{"line":54,"column":31},"end":{"line":54,"column":38}},"31":{"start":{"line":55,"column":4},"end":{"line":59,"column":7}},"32":{"start":{"line":60,"column":4},"end":{"line":60,"column":29}},"33":{"start":{"line":64,"column":19},"end":{"line":64,"column":26}},"34":{"start":{"line":65,"column":31},"end":{"line":65,"column":38}},"35":{"start":{"line":66,"column":17},"end":{"line":66,"column":121}},"36":{"start":{"line":67,"column":28},"end":{"line":67,"column":30}},"37":{"start":{"line":68,"column":4},"end":{"line":76,"column":5}},"38":{"start":{"line":69,"column":21},"end":{"line":69,"column":31}},"39":{"start":{"line":70,"column":22},"end":{"line":70,"column":80}},"40":{"start":{"line":71,"column":8},"end":{"line":75,"column":11}},"41":{"start":{"line":77,"column":4},"end":{"line":77,"column":27}},"42":{"start":{"line":80,"column":0},"end":{"line":86,"column":2}}},"fnMap":{"0":{"name":"createAnnouncement","decl":{"start":{"line":1,"column":15},"end":{"line":1,"column":33}},"loc":{"start":{"line":1,"column":52},"end":{"line":10,"column":1}},"line":1},"1":{"name":"getTeacherAnnouncements","decl":{"start":{"line":12,"column":15},"end":{"line":12,"column":38}},"loc":{"start":{"line":12,"column":57},"end":{"line":17,"column":1}},"line":12},"2":{"name":"(anonymous_2)","decl":{"start":{"line":15,"column":30},"end":{"line":15,"column":31}},"loc":{"start":{"line":15,"column":36},"end":{"line":15,"column":61}},"line":15},"3":{"name":"getStudentAnnouncements","decl":{"start":{"line":19,"column":15},"end":{"line":19,"column":38}},"loc":{"start":{"line":19,"column":57},"end":{"line":50,"column":1}},"line":19},"4":{"name":"(anonymous_4)","decl":{"start":{"line":44,"column":13},"end":{"line":44,"column":14}},"loc":{"start":{"line":44,"column":23},"end":{"line":48,"column":5}},"line":44},"5":{"name":"acknowledgeAnnouncement","decl":{"start":{"line":52,"column":15},"end":{"line":52,"column":38}},"loc":{"start":{"line":52,"column":57},"end":{"line":61,"column":1}},"line":52},"6":{"name":"getAnnouncementAcknowledgements","decl":{"start":{"line":63,"column":15},"end":{"line":63,"column":46}},"loc":{"start":{"line":63,"column":65},"end":{"line":78,"column":1}},"line":63}},"branchMap":{"0":{"loc":{"start":{"line":21,"column":22},"end":{"line":21,"column":45}},"type":"binary-expr","locations":[{"start":{"line":21,"column":22},"end":{"line":21,"column":39}},{"start":{"line":21,"column":43},"end":{"line":21,"column":45}}],"line":21},"1":{"loc":{"start":{"line":22,"column":4},"end":{"line":22,"column":42}},"type":"if","locations":[{"start":{"line":22,"column":4},"end":{"line":22,"column":42}},{"start":{},"end":{}}],"line":22},"2":{"loc":{"start":{"line":45,"column":19},"end":{"line":45,"column":61}},"type":"cond-expr","locations":[{"start":{"line":45,"column":34},"end":{"line":45,"column":57}},{"start":{"line":45,"column":60},"end":{"line":45,"column":61}}],"line":45},"3":{"loc":{"start":{"line":46,"column":20},"end":{"line":46,"column":62}},"type":"cond-expr","locations":[{"start":{"line":46,"column":35},"end":{"line":46,"column":58}},{"start":{"line":46,"column":61},"end":{"line":46,"column":62}}],"line":46}},"s":{"0":1,"1":1,"2":1,"3":1,"4":1,"5":1,"6":1,"7":1,"8":2,"9":2,"10":2,"11":1,"12":1,"13":1,"14":1,"15":1,"16":1,"17":1,"18":1,"19":1,"20":1,"21":1,"22":1,"23":1,"24":1,"25":0,"26":0,"27":0,"28":1,"29":1,"30":1,"31":1,"32":1,"33":1,"34":1,"35":1,"36":1,"37":1,"38":0,"39":0,"40":0,"41":1,"42":1},"f":{"0":1,"1":1,"2":1,"3":2,"4":0,"5":1,"6":1},"b":{"0":[2,0],"1":[1,1],"2":[0,0],"3":[0,0]},"_coverageSchema":"1a1c01bbd47fc00a2c39e90264f33305004495a9","hash":"798edaee4e3bcf364374bafa0348b6ab3e2c3987"}
,"/home/mrtin/dev/gaula/functions/actions/assignments.js": {"path":"/home/mrtin/dev/gaula/functions/actions/assignments.js","statementMap":{"0":{"start":{"line":1,"column":14},"end":{"line":1,"column":51}},"1":{"start":{"line":4,"column":24},"end":{"line":4,"column":31}},"2":{"start":{"line":5,"column":25},"end":{"line":5,"column":45}},"3":{"start":{"line":8,"column":18},"end":{"line":8,"column":76}},"4":{"start":{"line":9,"column":4},"end":{"line":9,"column":61}},"5":{"start":{"line":9,"column":23},"end":{"line":9,"column":61}},"6":{"start":{"line":10,"column":23},"end":{"line":10,"column":35}},"7":{"start":{"line":12,"column":23},"end":{"line":12,"column":105}},"8":{"start":{"line":13,"column":4},"end":{"line":13,"column":79}},"9":{"start":{"line":13,"column":28},"end":{"line":13,"column":79}},"10":{"start":{"line":15,"column":23},"end":{"line":15,"column":85}},"11":{"start":{"line":16,"column":19},"end":{"line":16,"column":36}},"12":{"start":{"line":17,"column":4},"end":{"line":17,"column":103}},"13":{"start":{"line":17,"column":30},"end":{"line":17,"column":103}},"14":{"start":{"line":19,"column":26},"end":{"line":24,"column":5}},"15":{"start":{"line":26,"column":21},"end":{"line":26,"column":104}},"16":{"start":{"line":27,"column":20},"end":{"line":27,"column":37}},"17":{"start":{"line":29,"column":21},"end":{"line":44,"column":6}},"18":{"start":{"line":30,"column":20},"end":{"line":30,"column":30}},"19":{"start":{"line":31,"column":8},"end":{"line":31,"column":34}},"20":{"start":{"line":31,"column":27},"end":{"line":31,"column":34}},"21":{"start":{"line":32,"column":26},"end":{"line":32,"column":84}},"22":{"start":{"line":33,"column":25},"end":{"line":33,"column":37}},"23":{"start":{"line":35,"column":27},"end":{"line":35,"column":84}},"24":{"start":{"line":36,"column":8},"end":{"line":43,"column":9}},"25":{"start":{"line":37,"column":34},"end":{"line":37,"column":63}},"26":{"start":{"line":38,"column":12},"end":{"line":42,"column":15}},"27":{"start":{"line":46,"column":4},"end":{"line":46,"column":32}},"28":{"start":{"line":47,"column":4},"end":{"line":47,"column":87}},"29":{"start":{"line":48,"column":4},"end":{"line":48,"column":29}},"30":{"start":{"line":52,"column":24},"end":{"line":52,"column":31}},"31":{"start":{"line":53,"column":22},"end":{"line":53,"column":45}},"32":{"start":{"line":54,"column":4},"end":{"line":54,"column":42}},"33":{"start":{"line":54,"column":32},"end":{"line":54,"column":42}},"34":{"start":{"line":56,"column":24},"end":{"line":56,"column":26}},"35":{"start":{"line":57,"column":19},"end":{"line":57,"column":21}},"36":{"start":{"line":58,"column":4},"end":{"line":60,"column":5}},"37":{"start":{"line":58,"column":17},"end":{"line":58,"column":18}},"38":{"start":{"line":59,"column":8},"end":{"line":59,"column":48}},"39":{"start":{"line":61,"column":4},"end":{"line":64,"column":5}},"40":{"start":{"line":62,"column":21},"end":{"line":62,"column":93}},"41":{"start":{"line":63,"column":8},"end":{"line":63,"column":76}},"42":{"start":{"line":63,"column":31},"end":{"line":63,"column":74}},"43":{"start":{"line":65,"column":4},"end":{"line":65,"column":23}},"44":{"start":{"line":69,"column":26},"end":{"line":69,"column":33}},"45":{"start":{"line":70,"column":16},"end":{"line":81,"column":6}},"46":{"start":{"line":82,"column":4},"end":{"line":82,"column":26}},"47":{"start":{"line":86,"column":19},"end":{"line":86,"column":26}},"48":{"start":{"line":87,"column":17},"end":{"line":87,"column":108}},"49":{"start":{"line":88,"column":17},"end":{"line":88,"column":19}},"50":{"start":{"line":89,"column":4},"end":{"line":93,"column":5}},"51":{"start":{"line":90,"column":18},"end":{"line":90,"column":28}},"52":{"start":{"line":91,"column":18},"end":{"line":91,"column":73}},"53":{"start":{"line":92,"column":8},"end":{"line":92,"column":60}},"54":{"start":{"line":94,"column":4},"end":{"line":94,"column":16}},"55":{"start":{"line":98,"column":19},"end":{"line":98,"column":26}},"56":{"start":{"line":99,"column":4},"end":{"line":99,"column":101}},"57":{"start":{"line":100,"column":4},"end":{"line":100,"column":29}},"58":{"start":{"line":104,"column":19},"end":{"line":104,"column":26}},"59":{"start":{"line":105,"column":17},"end":{"line":105,"column":108}},"60":{"start":{"line":106,"column":18},"end":{"line":106,"column":28}},"61":{"start":{"line":107,"column":4},"end":{"line":107,"column":76}},"62":{"start":{"line":107,"column":24},"end":{"line":107,"column":74}},"63":{"start":{"line":108,"column":4},"end":{"line":108,"column":25}},"64":{"start":{"line":109,"column":4},"end":{"line":109,"column":29}},"65":{"start":{"line":113,"column":50},"end":{"line":113,"column":57}},"66":{"start":{"line":114,"column":29},"end":{"line":114,"column":75}},"67":{"start":{"line":115,"column":4},"end":{"line":117,"column":5}},"68":{"start":{"line":116,"column":8},"end":{"line":116,"column":70}},"69":{"start":{"line":118,"column":46},"end":{"line":118,"column":53}},"70":{"start":{"line":119,"column":4},"end":{"line":119,"column":68}},"71":{"start":{"line":119,"column":23},"end":{"line":119,"column":68}},"72":{"start":{"line":122,"column":26},"end":{"line":122,"column":84}},"73":{"start":{"line":123,"column":25},"end":{"line":123,"column":73}},"74":{"start":{"line":125,"column":4},"end":{"line":129,"column":7}},"75":{"start":{"line":132,"column":4},"end":{"line":144,"column":7}},"76":{"start":{"line":147,"column":4},"end":{"line
[...]
38}},"loc":{"start":{"line":4,"column":42},"end":{"line":4,"column":60}},"line":4},"2":{"name":"(anonymous_2)","decl":{"start":{"line":15,"column":45},"end":{"line":15,"column":46}},"loc":{"start":{"line":15,"column":50},"end":{"line":15,"column":54}},"line":15},"3":{"name":"getCourseDashboardStats","decl":{"start":{"line":31,"column":15},"end":{"line":31,"column":38}},"loc":{"start":{"line":31,"column":57},"end":{"line":86,"column":1}},"line":31},"4":{"name":"(anonymous_4)","decl":{"start":{"line":47,"column":51},"end":{"line":47,"column":52}},"loc":{"start":{"line":47,"column":56},"end":{"line":47,"column":60}},"line":47},"5":{"name":"(anonymous_5)","decl":{"start":{"line":62,"column":31},"end":{"line":62,"column":32}},"loc":{"start":{"line":62,"column":36},"end":{"line":73,"column":13}},"line":62},"6":{"name":"(anonymous_6)","decl":{"start":{"line":67,"column":61},"end":{"line":67,"column":62}},"loc":{"start":{"line":67,"column":66},"end":{"line":67,"column":94}},"line":67}},"branchMap":{"0":{"loc":{"start":{"line":5,"column":4},"end":{"line":5,"column":65}},"type":"if","locations":[{"start":{"line":5,"column":4},"end":{"line":5,"column":65}},{"start":{},"end":{}}],"line":5},"1":{"loc":{"start":{"line":16,"column":8},"end":{"line":16,"column":49}},"type":"if","locations":[{"start":{"line":16,"column":8},"end":{"line":16,"column":49}},{"start":{},"end":{}}],"line":16},"2":{"loc":{"start":{"line":37,"column":4},"end":{"line":37,"column":93}},"type":"if","locations":[{"start":{"line":37,"column":4},"end":{"line":37,"column":93}},{"start":{},"end":{}}],"line":37},"3":{"loc":{"start":{"line":41,"column":25},"end":{"line":41,"column":91}},"type":"cond-expr","locations":[{"start":{"line":41,"column":54},"end":{"line":41,"column":87}},{"start":{"line":41,"column":90},"end":{"line":41,"column":91}}],"line":41},"4":{"loc":{"start":{"line":53,"column":4},"end":{"line":75,"column":5}},"type":"if","locations":[{"start":{"line":53,"column":4},"end":{"line":75,"column":5}},{"start":{},"end":{}}],"line":53},"5":{"loc":{"start":{"line":64,"column":16},"end":{"line":64,"column":55}},"type":"if","locations":[{"start":{"line":64,"column":16},"end":{"line":64,"column":55}},{"start":{},"end":{}}],"line":64},"6":{"loc":{"start":{"line":68,"column":16},"end":{"line":72,"column":17}},"type":"if","locations":[{"start":{"line":68,"column":16},"end":{"line":72,"column":17}},{"start":{},"end":{}}],"line":68},"7":{"loc":{"start":{"line":68,"column":20},"end":{"line":68,"column":61}},"type":"binary-expr","locations":[{"start":{"line":68,"column":20},"end":{"line":68,"column":38}},{"start":{"line":68,"column":42},"end":{"line":68,"column":61}}],"line":68},"8":{"loc":{"start":{"line":69,"column":20},"end":{"line":71,"column":21}},"type":"if","locations":[{"start":{"line":69,"column":20},"end":{"line":71,"column":21}},{"start":{},"end":{}}],"line":69}},"s":{"0":1,"1":1,"2":1,"3":1,"4":1,"5":0,"6":1,"7":1,"8":1,"9":1,"10":1,"11":1,"12":1,"13":1,"14":1,"15":1,"16":0,"17":1,"18":1,"19":1,"20":1,"21":1,"22":1,"23":1,"24":1,"25":1,"26":1,"27":1,"28":1,"29":0,"30":1,"31":1,"32":1,"33":1,"34":1,"35":1,"36":1,"37":1,"38":1,"39":1,"40":1,"41":1,"42":1,"43":1,"44":1,"45":1,"46":1,"47":1,"48":1,"49":1,"50":0,"51":0,"52":0,"53":0,"54":0,"55":0,"56":0,"57":0,"58":1,"59":1},"f":{"0":1,"1":1,"2":1,"3":1,"4":1,"5":0,"6":0},"b":{"0":[0,1],"1":[0,1],"2":[0,1],"3":[1,0],"4":[1,0],"5":[0,0],"6":[0,0],"7":[0,0],"8":[0,0]},"_coverageSchema":"1a1c01bbd47fc00a2c39e90264f33305004495a9","hash":"1170b6a17a99bf5ebb818beeca4127a6ccb52908"}
,"/home/mrtin/dev/gaula/functions/actions/studyGroups.js": {"path":"/home/mrtin/dev/gaula/functions/actions/studyGroups.js","statementMap":{"0":{"start":{"line":2,"column":31},"end":{"line":2,"column":38}},"1":{"start":{"line":3,"column":59},"end":{"line":3,"column":66}},"2":{"start":{"line":4,"column":24},"end":{"line":4,"column":70}},"3":{"start":{"line":5,"column":4},"end":{"line":5,"column":69}},"4":{"start":{"line":5,"column":29},"end":{"line":5,"column":69}},"5":{"start":{"line":7,"column":21},"end":{"line":15,"column":6}},"6":{"start":{"line":16,"column":4},"end":{"line":16,"column":46}},"7":{"start":{"line":20,"column":31},"end":{"line":20,"column":38}},"8":{"start":{"line":21,"column":24},"end":{"line":21,"column":31}},"9":{"start":{"line":22,"column":21},"end":{"line":22,"column":63}},"10":{"start":{"line":23,"column":16},"end":{"line":23,"column":36}},"11":{"start":{"line":24,"column":4},"end":{"line":24,"column":60}},"12":{"start":{"line":24,"column":21},"end":{"line":24,"column":60}},"13":{"start":{"line":26,"column":20},"end":{"line":26,"column":44}},"14":{"start":{"line":27,"column":4},"end":{"line":27,"column":56}},"15":{"start":{"line":27,"column":31},"end":{"line":27,"column":56}},"16":{"start":{"line":29,"column":4},"end":{"line":31,"column":7}},"17":{"start":{"line":32,"column":4},"end":{"line":32,"column":29}},"18":{"start":{"line":36,"column":24},"end":{"line":36,"column":31}},"19":{"start":{"line":37,"column":24},"end":{"line":37,"column":31}},"20":{"start":{"line":38,"column":21},"end":{"line":38,"column":63}},"21":{"start":{"line":39,"column":16},"end":{"line":39,"column":36}},"22":{"start":{"line":40,"column":4},"end":{"line":40,"column":60}},"23":{"start":{"line":40,"column":21},"end":{"line":40,"column":60}},"24":{"start":{"line":42,"column":20},"end":{"line":42,"column":44}},"25":{"start":{"line":43,"column":23},"end":{"line":43,"column":53}},"26":{"start":{"line":43,"column":43},"end":{"line":43,"column":52}},"27":{"start":{"line":45,"column":4},"end":{"line":51,"column":5}},"28":{"start":{"line":46,"column":8},"end":{"line":46,"column":32}},"29":{"start":{"line":48,"column":8},"end":{"line":50,"column":11}},"30":{"start":{"line":52,"column":4},"end":{"line":52,"column":29}},"31":{"start":{"line":56,"column":19},"end":{"line":56,"column":26}},"32":{"start":{"line":57,"column":21},"end":{"line":57,"column":37}},"33":{"start":{"line":58,"column":17},"end":{"line":58,"column":93}},"34":{"start":{"line":60,"column":19},"end":{"line":60,"column":21}},"35":{"start":{"line":61,"column":4},"end":{"line":74,"column":5}},"36":{"start":{"line":62,"column":21},"end":{"line":62,"column":31}},"37":{"start":{"line":63,"column":31},"end":{"line":63,"column":33}},"38":{"start":{"line":64,"column":8},"end":{"line":67,"column":9}},"39":{"start":{"line":65,"column":26},"end":{"line":65,"column":77}},"40":{"start":{"line":66,"column":12},"end":{"line":66,"column":85}},"41":{"start":{"line":66,"column":30},"end":{"line":66,"column":85}},"42":{"start":{"line":68,"column":8},"end":{"line":73,"column":11}},"43":{"start":{"line":75,"column":4},"end":{"line":75,"column":18}},"44":{"start":{"line":79,"column":24},"end":{"line":79,"column":31}},"45":{"start":{"line":80,"column":40},"end":{"line":80,"column":47}},"46":{"start":{"line":81,"column":23},"end":{"line":81,"column":100}},"47":{"start":{"line":82,"column":23},"end":{"line":82,"column":68}},"48":{"start":{"line":82,"column":48},"end":{"line":82,"column":67}},"49":{"start":{"line":84,"column":28},"end":{"line":84,"column":30}},"50":{"start":{"line":85,"column":4},"end":{"line":102,"column":5}},"51":{"start":{"line":86,"column":8},"end":{"line":86,"column":40}},"52":{"start":{"line":86,"column":31},"end":{"line":86,"column":40}},"53":{"start":{"line":88,"column":22},"end":{"line":88,"column":74}},"54":{"start":{"line":89,"column":8},"end":{"line":101,"column":9}},"55":{"start":{"line":90,"column":26},"end":{"line":90,"column":38}},"56":{"start":{"line":91,"column":33},"end":{"line":91,"column":70}},"57":{"start":{"line":92,"column":12},"end":{"line":100,"column":13}},"58":{"start":{"line":93,"column":16},"end":{"line":99,"column":19}},"59":{"start":{"line":103,"column":4},"end":{"line":103,"column":27}},"60":{"start":{"line":106,"column":0},"end":{"line":112,"column":2}}},"fnMap":{"0":{"name":"createStudyGroup","decl":{"start":{"line":1,"column":15},"end":{"line":1,"column":31}},"loc":{"start":{"line":1,"column":50},"end":{"line":17,"column":1}},"line":1},"1":{"name":"joinStudyGroup","decl":{"start":{"line":19,"column":15},"end":{"line":19,"column":29}},"loc":{"start":{"line":19,"column":48},"end":{"line":33,"column":1}},"line":19},"2":{"name":"leaveStudyGroup","decl":{"start":{"line":35,"column":15},"end":{"line":35,"column":30}},"loc":{"start":{"line":35,"column":49},"end":{"line":53,"column":1}},"line":35},"3":{"name":"(anonymous_3)","decl":{"start":{"line":43,"column":38},"end":{"line":43,"column":39}},"loc":{"start":{"line":43,"column":43},"end":{"line":43,"column":52}},"line":43},"4":{"name":"getStudyGroups","decl":{"start":{"line":55,"column":15},"end":{"line":55,"column":29}},"loc":{"start":{"line":55,"column":48},"end":{"line":76,"column":1}},"line":55},"5":{"name":"findStudyBuddies","decl":{"start":{"line":78,"column":15},"end":{"line":78,"column":31}},"loc":{"start":{"line":78,"column":50},"end":{"line":104,"column":1}},"line":78},"6":{"name":"(anonymous_6)","decl":{"start":{"line":82,"column":43},"end":{"line":82,"column":44}},"loc":{"start":{"line":82,"column":48},"end":{"line":82,"column":67}},"line":82}},"branchMap":{"0":{"loc":{"start":{"line":5,"column":4},"end":{"line":5,"column":69}},"type":"if","locations":[{"start":{"line":5,"column":4},"end":{"line":5,"column":69}},{"start":{},"end":{}}],"line":5},"1":{"loc":{"start":{"line":24,"column":4},"end":{"line":24,"column":60}},"type":"if","locations":[{"start":{"line":24,"column":4},"end":{"line":24,"column":60}},{"start":{},"end":{}}],"line":24},"2":{"loc":{"start":{"line":26,"column":20},"end":{"line":26,"column":44}},"type":"binary-expr","locations":[{"start":{"line":26,"column":20},"end":{"line":26,"column":38}},{"start":{"line":26,"column":42},"end":{"line":26,"column":44}}],"line":26},"3":{"loc":{"start":{"line":27,"column":4},"end":{"line":27,"column":56}},"type":"if","locations":[{"start":{"line":27,"column":4},"end":{"line":27,"column":56}},{"start":{},"end":{}}],"line":27},"4":{"loc":{"start":{"line":40,"column":4},"end":{"line":40,"column":60}},"type":"if","locations":[{"start":{"line":40,"column":4},"end":{"line":40,"column":60}},{"start":{},"end":{}}],"line":40},"5":{"loc":{"start":{"line":42,"column":20},"end":{"line":42,"column":44}},"type":"binary-expr","locations":[{"start":{"line":42,"column":20},"end":{"line":42,"column":38}},{"start":{"line":42,"column":42},"end":{"line":42,"column":44}}],"line":42},"6":{"loc":{"start":{"line":45,"column":4},"end":{"line":51,"column":5}},"type":"if","locations":[{"start":{"line":45,"column":4},"end":{"line":51,"column":5}},{"start":{"line":47,"column":11},"end":{"line":51,"column":5}}],"line":45},"7":{"loc":{"start":{"line":64,"column":29},"end":{"line":64,"column":47}},"type":"binary-expr","locations":[{"start":{"line":64,"column":29},"end":{"line":64,"column":41}},{"start":{"line":64,"column":45},"end":{"line":64,"column":47}}],"line":64},"8":{"loc":{"start":{"line":66,"column":12},"end":{"line":66,"column":85}},"type":"if","locations":[{"start":{"line":66,"column":12},"end":{"line":66,"column":85}},{"start":{},"end":{}}],"line":66},"9":{"loc":{"start":{"line":72,"column":24},"end":{"line":72,"column":87}},"type":"cond-expr","locations":[{"start":{"line":72,"column":42},"end":{"line":72,"column":80}},{"start":{"line":72,"column":83},"end":{"line":72,"column":87}}],"line":72},"10":{"loc":{"start":{"line":86,"column":8},"end":{"line":86,"column":40}},"type":"if","locations":[{"start":{"line":86,"column":8},"end":{"line":86,"column":40}},{"start":{},"end":{}}],"line":86},"11":{"loc":{"start":{"line":89,"column":8},"end":{"line":101,"column":9}},"type":"if","locations":[{"start":{"line":89,"column":8},"end":{"line":101,"column":9}},{"start":{},"end":{}}],"line":89},"12":{"loc":{"start":{"line":92,"column":12},"end":{"line":100,"column":13}},"type":"if","locations":[{"start":{"line":92,"column":12},"end":{"line":100,"column":13}},{"start":{},"end":{}}],"line":92}},"s":{"0":1,"1":1,"2":1,"3":1,"4":0,"5":1,"6":1,"7":1,"8":1,"9":1,"10":1,"11":1,"12":0,"13":1,"14":1,"15":1,"16":0,"17":0,"18":1,"19":1,"20":1,"21":1,"22":1,"23":0,"24":1,"25":1,"26":1,"27":1,"28":1,"29":0,"30":1,"31":1,"32":1,"33":1,"34":1,"35":1,"36":2,"37":2,"38":2,"39":2,"40":2,"41":2,"42":2,"43":1,"44":0,"45":0,"46":0,"47":0,"48":0,"49":0,"50":0,"51":0,"52":0,"53":0,"54":0,"55":0,"56":0,"57":0,"58":0,"59":0,"60":1},"f":{"0":1,"1":1,"2":1,"3":1,"4":1,"5":0,"6":0},"b":{"0":[0,1],"1":[0,1],"2":[1,0],"3":[1,0],"4":[0,1],"5":[1,0],"6":[1,0],"7":[2,0],"8":[2,0],"9":[2,0],"10":[0,0],"11":[0,0],"12":[0,0]},"_coverageSchema":"1a1c01bbd47fc00a2c39e90264f33305004495a9","hash":"61e765ed3a44650e51c9ce265b94600e027b4c05"}
,"/home/mrtin/dev/gaula/functions/actions/tutoring.js": {"path":"/home/mrtin/dev/gaula/functions/actions/tutoring.js","statementMap":{"0":{"start":{"line":2,"column":31},"end":{"line":2,"column":38}},"1":{"start":{"line":3,"column":47},"end":{"line":3,"column":54}},"2":{"start":{"line":4,"column":24},"end":{"line":4,"column":70}},"3":{"start":{"line":5,"column":4},"end":{"line":5,"column":69}},"4":{"start":{"line":5,"column":29},"end":{"line":5,"column":69}},"5":{"start":{"line":6,"column":18},"end":{"line":6,"column":36}},"6":{"start":{"line":8,"column":4},"end":{"line":16,"column":7}},"7":{"start":{"line":17,"column":4},"end":{"line":17,"column":29}},"8":{"start":{"line":21,"column":19},"end":{"line":21,"column":26}},"9":{"start":{"line":22,"column":21},"end":{"line":22,"column":37}},"10":{"start":{"line":23,"column":17},"end":{"line":23,"column":87}},"11":{"start":{"line":24,"column":4},"end":{"line":24,"column":59}},"12":{"start":{"line":24,"column":31},"end":{"line":24,"column":56}},"13":{"start":{"line":28,"column":31},"end":{"line":28,"column":38}},"14":{"start":{"line":29,"column":51},"end":{"line":29,"column":58}},"15":{"start":{"line":30,"column":24},"end":{"line":30,"column":70}},"16":{"start":{"line":31,"column":4},"end":{"line":31,"column":69}},"17":{"start":{"line":31,"column":29},"end":{"line":31,"column":69}},"18":{"start":{"line":32,"column":18},"end":{"line":32,"column":36}},"19":{"start":{"line":34,"column":22},"end":{"line":34,"column":72}},"20":{"start":{"line":35,"column":22},"end":{"line":35,"column":105}},"21":{"start":{"line":37,"column":22},"end":{"line":39,"column":64}},"22":{"start":{"line":41,"column":16},"end":{"line":52,"column":6}},"23":{"start":{"line":53,"column":4},"end":{"line":53,"column":41}},"24":{"start":{"line":57,"column":24},"end":{"line":57,"column":31}},"25":{"start":{"line":58,"column":31},"end":{"line":58,"column":38}},"26":{"start":{"line":59,"column":19},"end":{"line":59,"column":88}},"27":{"start":{"line":60,"column":4},"end":{"line":64,"column":5}},"28":{"start":{"line":61,"column":8},"end":{"line":61,"column":57}},"29":{"start":{"line":63,"column":8},"end":{"line":63,"column":59}},"30":{"start":{"line":65,"column":17},"end":{"line":65,"column":37}},"31":{"start":{"line":66,"column":4},"end":{"line":66,"column":59}},"32":{"start":{"line":66,"column":31},"end":{"line":66,"column":56}},"33":{"start":{"line":70,"column":24},"end":{"line":70,"column":31}},"34":{"start":{"line":71,"column":34},"end":{"line":71,"column":41}},"35":{"start":{"line":72,"column":16},"end":{"line":72,"column":65}},"36":{"start":{"line":73,"column":16},"end":{"line":73,"column":31}},"37":{"start":{"line":74,"column":4},"end":{"line":74,"column":61}},"38":{"start":{"line":74,"column":21},"end":{"line":74,"column":61}},"39":{"start":{"line":76,"column":17},"end":{"line":76,"column":27}},"40":{"start":{"line":77,"column":4},"end":{"line":79,"column":5}},"41":{"start":{"line":78,"column":8},"end":{"line":78,"column":72}},"42":{"start":{"line":81,"column":4},"end":{"line":81,"column":33}},"43":{"start":{"line":82,"column":4},"end":{"line":82,"column":29}},"44":{"start":{"line":85,"column":0},"end":{"line":91,"column":2}}},"fnMap":{"0":{"name":"registerAsTutor","decl":{"start":{"line":1,"column":15},"end":{"line":1,"column":30}},"loc":{"start":{"line":1,"column":49},"end":{"line":18,"column":1}},"line":1},"1":{"name":"getCourseTutors","decl":{"start":{"line":20,"column":15},"end":{"line":20,"column":30}},"loc":{"start":{"line":20,"column":49},"end":{"line":25,"column":1}},"line":20},"2":{"name":"(anonymous_2)","decl":{"start":{"line":24,"column":25},"end":{"line":24,"column":26}},"loc":{"start":{"line":24,"column":31},"end":{"line":24,"column":56}},"line":24},"3":{"name":"bookTutoringSession","decl":{"start":{"line":27,"column":15},"end":{"line":27,"column":34}},"loc":{"start":{"line":27,"column":53},"end":{"line":54,"column":1}},"line":27},"4":{"name":"getTutoringSessions","decl":{"start":{"line":56,"column":15},"end":{"line":56,"column":34}},"loc":{"start":{"line":56,"column":53},"end":{"line":67,"column":1}},"line":56},"5":{"name":"(anonymous_5)","decl":{"start":{"line":66,"column":25},"end":{"line":66,"column":26}},"loc":{"start":{"line":66,"column":31},"end":{"line":66,"column":56}},"line":66},"6":{"name":"updateTutoringSessionStatus","decl":{"start":{"line":69,"column":15},"end":{"line":69,"column":42}},"loc":{"start":{"line":69,"column":61},"end":{"line":83,"column":1}},"line":69}},"branchMap":{"0":{"loc":{"start":{"line":5,"column":4},"end":{"line":5,"column":69}},"type":"if","locations":[{"start":{"line":5,"column":4},"end":{"line":5,"column":69}},{"start":{},"end":{}}],"line":5},"1":{"loc":{"start":{"line":11,"column":19},"end":{"line":11,"column":49}},"type":"binary-expr","locations":[{"start":{"line":11,"column":19},"end":{"line":11,"column":34}},{"start":{"line":11,"column":38},"end":{"line":11,"column":49}}],"line":11},"2":{"loc":{"start":{"line":31,"column":4},"end":{"line":31,"column":69}},"type":"if","locations":[{"start":{"line":31,"column":4},"end":{"line":31,"column":69}},{"start":{},"end":{}}],"line":31},"3":{"loc":{"start":{"line":35,"column":22},"end":{"line":35,"column":105}},"type":"cond-expr","locations":[{"start":{"line":35,"column":42},"end":{"line":35,"column":94}},{"start":{"line":35,"column":98},"end":{"line":35,"column":105}}],"line":35},"4":{"loc":{"start":{"line":35,"column":42},"end":{"line":35,"column":94}},"type":"binary-expr","locations":[{"start":{"line":35,"column":42},"end":{"line":35,"column":68}},{"start":{"line":35,"column":72},"end":{"line":35,"column":94}}],"line":35},"5":{"loc":{"start":{"line":46,"column":22},"end":{"line":46,"column":52}},"type":"binary-expr","locations":[{"start":{"line":46,"column":22},"end":{"line":46,"column":37}},{"start":{"line":46,"column":41},"end":{"line":46,"column":52}}],"line":46},"6":{"loc":{"start":{"line":60,"column":4},"end":{"line":64,"column":5}},"type":"if","locations":[{"start":{"line":60,"column":4},"end":{"line":64,"column":5}},{"start":{"line":62,"column":11},"end":{"line":64,"column":5}}],"line":60},"7":{"loc":{"start":{"line":74,"column":4},"end":{"line":74,"column":61}},"type":"if","locations":[{"start":{"line":74,"column":4},"end":{"line":74,"column":61}},{"start":{},"end":{}}],"line":74},"8":{"loc":{"start":{"line":77,"column":4},"end":{"line":79,"column":5}},"type":"if","locations":[{"start":{"line":77,"column":4},"end":{"line":79,"column":5}},{"start":{},"end":{}}],"line":77},"9":{"loc":{"start":{"line":77,"column":8},"end":{"line":77,"column":56}},"type":"binary-expr","locations":[{"start":{"line":77,"column":8},"end":{"line":77,"column":29}},{"start":{"line":77,"column":33},"end":{"line":77,"column":56}}],"line":77}},"s":{"0":1,"1":1,"2":1,"3":1,"4":0,"5":1,"6":1,"7":1,"8":1,"9":1,"10":1,"11":1,"12":1,"13":1,"14":1,"15":1,"16":1,"17":0,"18":1,"19":1,"20":1,"21":1,"22":1,"23":1,"24":1,"25":1,"26":1,"27":1,"28":0,"29":1,"30":1,"31":1,"32":1,"33":1,"34":1,"35":1,"36":1,"37":1,"38":0,"39":1,"40":1,"41":0,"42":1,"43":1,"44":1},"f":{"0":1,"1":1,"2":1,"3":1,"4":1,"5":1,"6":1},"b":{"0":[0,1],"1":[1,0],"2":[0,1],"3":[1,0],"4":[1,0],"5":[1,0],"6":[0,1],"7":[0,1],"8":[0,1],"9":[1,0]},"_coverageSchema":"1a1c01bbd47fc00a2c39e90264f33305004495a9","hash":"83d9c944480f6720ffa168f2f1618ff3070c6eda"}
}
