TN:
SF:index.js
FN:9,(anonymous_0)
FN:30,syncGradeToMoodle
FN:227,(anonymous_2)
FN:232,(anonymous_3)
FN:261,(anonymous_4)
FN:274,(anonymous_5)
FN:277,(anonymous_6)
FN:307,(anonymous_7)
FN:322,(anonymous_8)
FN:345,(anonymous_9)
FN:369,(anonymous_10)
FN:436,(anonymous_11)
FN:453,(anonymous_12)
FN:475,(anonymous_13)
FN:497,(anonymous_14)
FN:524,(anonymous_15)
FN:530,(anonymous_16)
FN:532,(anonymous_17)
FN:533,(anonymous_18)
FN:534,(anonymous_19)
FN:539,(anonymous_20)
FN:596,(anonymous_21)
FNF:22
FNH:3
FNDA:0,(anonymous_0)
FNDA:0,syncGradeToMoodle
FNDA:38,(anonymous_2)
FNDA:0,(anonymous_3)
FNDA:1,(anonymous_4)
FNDA:0,(anonymous_5)
FNDA:0,(anonymous_6)
FNDA:0,(anonymous_7)
FNDA:0,(anonymous_8)
FNDA:0,(anonymous_9)
FNDA:3,(anonymous_10)
FNDA:0,(anonymous_11)
FNDA:0,(anonymous_12)
FNDA:0,(anonymous_13)
FNDA:0,(anonymous_14)
FNDA:0,(anonymous_15)
FNDA:0,(anonymous_16)
FNDA:0,(anonymous_17)
FNDA:0,(anonymous_18)
FNDA:0,(anonymous_19)
FNDA:0,(anonymous_20)
FNDA:0,(anonymous_21)
DA:1,3
DA:2,3
DA:3,3
DA:4,3
DA:5,3
DA:7,3
DA:9,3
DA:10,0
DA:11,0
DA:12,0
DA:14,0
DA:23,0
DA:24,0
DA:26,0
DA:31,0
DA:32,0
DA:33,0
DA:37,0
DA:38,0
DA:39,0
DA:40,0
DA:41,0
DA:42,0
DA:43,0
DA:44,0
DA:45,0
DA:46,0
DA:47,0
DA:52,0
DA:56,0
DA:57,0
DA:60,0
DA:61,0
DA:62,0
DA:65,0
DA:66,0
DA:69,0
DA:70,0
DA:72,0
DA:74,0
DA:99,0
DA:100,0
DA:101,0
DA:110,0
DA:111,0
DA:113,0
DA:123,0
DA:127,3
DA:227,3
DA:228,38
DA:229,1
DA:230,1
DA:232,1
DA:234,1
DA:235,1
DA:236,1
DA:238,1
DA:239,1
DA:241,1
DA:242,1
DA:243,0
DA:246,1
DA:255,1
DA:257,0
DA:261,3
DA:262,1
DA:263,1
DA:265,0
DA:266,0
DA:267,0
DA:269,0
DA:271,0
DA:273,0
DA:274,0
DA:275,0
DA:277,0
DA:279,0
DA:280,0
DA:282,0
DA:283,0
DA:284,0
DA:286,0
DA:287,0
DA:288,0
DA:290,0
DA:291,0
DA:292,0
DA:293,0
DA:294,0
DA:295,0
DA:296,0
DA:297,0
DA:299,0
DA:300,0
DA:301,0
DA:302,0
DA:304,0
DA:305,0
DA:307,0
DA:308,0
DA:309,0
DA:311,0
DA:312,0
DA:313,0
DA:315,0
DA:317,0
DA:318,0
DA:320,0
DA:322,0
DA:324,0
DA:325,0
DA:326,0
DA:327,0
DA:328,0
DA:329,0
DA:330,0
DA:331,0
DA:332,0
DA:336,0
DA:337,0
DA:338,0
DA:339,0
DA:340,0
DA:341,0
DA:342,0
DA:343,0
DA:344,0
DA:345,0
DA:346,0
DA:351,0
DA:356,0
DA:358,0
DA:363,0
DA:365,0
DA:369,3
DA:370,3
DA:371,3
DA:373,3
DA:374,0
DA:375,0
DA:376,0
DA:379,3
DA:381,3
DA:382,3
DA:383,1
DA:386,2
DA:387,2
DA:388,2
DA:389,2
DA:391,2
DA:392,1
DA:395,1
DA:396,1
DA:398,1
DA:399,1
DA:401,1
DA:402,1
DA:404,1
DA:405,1
DA:407,1
DA:408,1
DA:413,1
DA:415,0
DA:416,0
DA:426,0
DA:429,1
DA:430,1
DA:432,0
DA:436,3
DA:437,0
DA:438,0
DA:439,0
DA:441,0
DA:442,0
DA:443,0
DA:445,0
DA:446,0
DA:447,0
DA:449,0
DA:451,0
DA:452,0
DA:453,0
DA:455,0
DA:457,0
DA:458,0
DA:459,0
DA:461,0
DA:462,0
DA:463,0
DA:464,0
DA:466,0
DA:467,0
DA:468,0
DA:469,0
DA:470,0
DA:471,0
DA:472,0
DA:473,0
DA:475,0
DA:476,0
DA:477,0
DA:478,0
DA:480,0
DA:483,0
DA:487,0
DA:488,0
DA:489,0
DA:492,0
DA:493,0
DA:497,3
DA:498,0
DA:499,0
DA:500,0
DA:501,0
DA:502,0
DA:504,0
DA:506,0
DA:507,0
DA:508,0
DA:510,0
DA:511,0
DA:512,0
DA:514,0
DA:516,0
DA:517,0
DA:519,0
DA:520,0
DA:521,0
DA:522,0
DA:523,0
DA:524,0
DA:525,0
DA:527,0
DA:528,0
DA:530,0
DA:532,0
DA:533,0
DA:534,0
DA:536,0
DA:538,0
DA:539,0
DA:540,0
DA:547,0
DA:550,0
DA:551,0
DA:553,0
DA:554,0
DA:555,0
DA:556,0
DA:558,0
DA:559,0
DA:560,0
DA:561,0
DA:567,0
DA:568,0
DA:569,0
DA:570,0
DA:571,0
DA:574,0
DA:575,0
DA:583,0
DA:587,0
DA:588,0
DA:591,0
DA:592,0
DA:596,3
DA:597,0
DA:598,0
DA:599,0
DA:601,0
DA:602,0
DA:603,0
DA:604,0
DA:605,0
DA:606,0
DA:609,0
DA:610,0
DA:611,0
DA:613,0
DA:614,0
DA:617,0
DA:618,0
DA:626,0
DA:629,0
DA:630,0
DA:632,0
DA:634,0
LF:287
LH:55
BRDA:11,0,0,0
BRDA:11,0,1,0
BRDA:11,1,0,0
BRDA:11,1,1,0
BRDA:11,1,2,0
BRDA:12,2,0,0
BRDA:12,2,1,0
BRDA:12,3,0,0
BRDA:12,3,1,0
BRDA:12,3,2,0
BRDA:16,4,0,0
BRDA:16,4,1,0
BRDA:16,5,0,0
BRDA:16,5,1,0
BRDA:19,6,0,0
BRDA:19,6,1,0
BRDA:19,7,0,0
BRDA:19,7,1,0
BRDA:20,8,0,0
BRDA:20,8,1,0
BRDA:31,9,0,0
BRDA:31,9,1,0
BRDA:31,10,0,0
BRDA:31,10,1,0
BRDA:32,11,0,0
BRDA:32,11,1,0
BRDA:37,12,0,0
BRDA:37,12,1,0
BRDA:40,13,0,0
BRDA:40,13,1,0
BRDA:43,14,0,0
BRDA:43,14,1,0
BRDA:45,15,0,0
BRDA:45,15,1,0
BRDA:61,16,0,0
BRDA:61,16,1,0
BRDA:65,17,0,0
BRDA:65,17,1,0
BRDA:69,18,0,0
BRDA:69,18,1,0
BRDA:70,19,0,0
BRDA:70,19,1,0
BRDA:115,20,0,0
BRDA:115,20,1,0
BRDA:116,21,0,0
BRDA:116,21,1,0
BRDA:228,22,0,37
BRDA:228,22,1,1
BRDA:236,23,0,0
BRDA:236,23,1,1
BRDA:242,24,0,0
BRDA:242,24,1,1
BRDA:263,25,0,1
BRDA:263,25,1,0
BRDA:267,26,0,0
BRDA:267,26,1,0
BRDA:271,27,0,0
BRDA:271,27,1,0
BRDA:273,28,0,0
BRDA:273,28,1,0
BRDA:273,29,0,0
BRDA:273,29,1,0
BRDA:275,30,0,0
BRDA:275,30,1,0
BRDA:283,31,0,0
BRDA:283,31,1,0
BRDA:284,32,0,0
BRDA:284,32,1,0
BRDA:286,33,0,0
BRDA:286,33,1,0
BRDA:287,34,0,0
BRDA:287,34,1,0
BRDA:288,35,0,0
BRDA:288,35,1,0
BRDA:296,36,0,0
BRDA:296,36,1,0
BRDA:299,37,0,0
BRDA:299,37,1,0
BRDA:299,38,0,0
BRDA:299,38,1,0
BRDA:299,38,2,0
BRDA:309,39,0,0
BRDA:309,39,1,0
BRDA:313,40,0,0
BRDA:313,40,1,0
BRDA:317,41,0,0
BRDA:317,41,1,0
BRDA:336,42,0,0
BRDA:336,42,1,0
BRDA:336,43,0,0
BRDA:336,43,1,0
BRDA:341,44,0,0
BRDA:341,44,1,0
BRDA:344,45,0,0
BRDA:344,45,1,0
BRDA:373,46,0,0
BRDA:373,46,1,3
BRDA:379,47,0,0
BRDA:379,47,1,3
BRDA:382,48,0,1
BRDA:382,48,1,2
BRDA:382,49,0,3
BRDA:382,49,1,3
BRDA:382,49,2,2
BRDA:388,50,0,0
BRDA:388,50,1,2
BRDA:391,51,0,1
BRDA:391,51,1,1
BRDA:399,52,0,0
BRDA:399,52,1,1
BRDA:399,53,0,1
BRDA:399,53,1,1
BRDA:399,53,2,0
BRDA:402,54,0,0
BRDA:402,54,1,1
BRDA:407,55,0,1
BRDA:407,55,1,0
BRDA:409,56,0,1
BRDA:409,56,1,0
BRDA:410,57,0,1
BRDA:410,57,1,1
BRDA:420,58,0,0
BRDA:420,58,1,0
BRDA:421,59,0,0
BRDA:421,59,1,0
BRDA:439,60,0,0
BRDA:439,60,1,0
BRDA:443,61,0,0
BRDA:443,61,1,0
BRDA:443,62,0,0
BRDA:443,62,1,0
BRDA:446,63,0,0
BRDA:446,63,1,0
BRDA:449,64,0,0
BRDA:449,64,1,0
BRDA:464,65,0,0
BRDA:464,65,1,0
BRDA:466,66,0,0
BRDA:466,66,1,0
BRDA:467,67,0,0
BRDA:467,67,1,0
BRDA:467,67,2,0
BRDA:468,68,0,0
BRDA:468,68,1,0
BRDA:469,69,0,0
BRDA:469,69,1,0
BRDA:470,70,0,0
BRDA:470,70,1,0
BRDA:473,71,0,0
BRDA:473,71,1,0
BRDA:476,72,0,0
BRDA:476,72,1,0
BRDA:477,73,0,0
BRDA:477,73,1,0
BRDA:477,74,0,0
BRDA:477,74,1,0
BRDA:477,74,2,0
BRDA:500,75,0,0
BRDA:500,75,1,0
BRDA:504,76,0,0
BRDA:504,76,1,0
BRDA:508,77,0,0
BRDA:508,77,1,0
BRDA:508,78,0,0
BRDA:508,78,1,0
BRDA:511,79,0,0
BRDA:511,79,1,0
BRDA:514,80,0,0
BRDA:514,80,1,0
BRDA:517,81,0,0
BRDA:517,81,1,0
BRDA:519,82,0,0
BRDA:519,82,1,0
BRDA:521,83,0,0
BRDA:521,83,1,0
BRDA:522,84,0,0
BRDA:522,84,1,0
BRDA:525,85,0,0
BRDA:525,85,1,0
BRDA:528,86,0,0
BRDA:528,86,1,0
BRDA:533,87,0,0
BRDA:533,87,1,0
BRDA:536,88,0,0
BRDA:536,88,1,0
BRDA:542,89,0,0
BRDA:542,89,1,0
BRDA:543,90,0,0
BRDA:543,90,1,0
BRDA:555,91,0,0
BRDA:555,91,1,0
BRDA:556,92,0,0
BRDA:556,92,1,0
BRDA:556,93,0,0
BRDA:556,93,1,0
BRDA:560,94,0,0
BRDA:560,94,1,0
BRDA:562,95,0,0
BRDA:562,95,1,0
BRDA:563,96,0,0
BRDA:563,96,1,0
BRDA:570,97,0,0
BRDA:570,97,1,0
BRDA:570,98,0,0
BRDA:570,98,1,0
BRDA:577,99,0,0
BRDA:577,99,1,0
BRDA:599,100,0,0
BRDA:599,100,1,0
BRDA:605,101,0,0
BRDA:605,101,1,0
BRF:211
BRH:23
end_of_record
TN:
SF:actions/admin.js
FN:1,approveUser
FN:13,updateUserRole
FN:26,updateUserProfile
FN:32,getAdminUsers
FN:35,(anonymous_4)
FN:36,(anonymous_5)
FN:40,getAdminCourses
FN:58,(anonymous_7)
FN:66,getGlobalSettings
FN:72,saveGlobalSettings
FN:80,getAdminCourseDetails
FN:108,(anonymous_11)
FN:113,deleteUser
FN:132,(anonymous_13)
FN:138,(anonymous_14)
FNF:15
FNH:11
FNDA:2,approveUser
FNDA:3,updateUserRole
FNDA:1,updateUserProfile
FNDA:1,getAdminUsers
FNDA:1,(anonymous_4)
FNDA:0,(anonymous_5)
FNDA:1,getAdminCourses
FNDA:0,(anonymous_7)
FNDA:1,getGlobalSettings
FNDA:1,saveGlobalSettings
FNDA:2,getAdminCourseDetails
FNDA:1,(anonymous_11)
FNDA:1,deleteUser
FNDA:0,(anonymous_13)
FNDA:0,(anonymous_14)
DA:2,2
DA:3,2
DA:4,2
DA:5,2
DA:7,1
DA:10,1
DA:14,3
DA:15,3
DA:16,3
DA:17,3
DA:18,2
DA:20,1
DA:23,1
DA:27,1
DA:28,1
DA:29,1
DA:33,1
DA:34,1
DA:35,1
DA:36,1
DA:37,1
DA:41,1
DA:42,1
DA:43,1
DA:44,1
DA:45,1
DA:46,1
DA:47,1
DA:48,1
DA:49,1
DA:50,1
DA:51,1
DA:56,1
DA:58,1
DA:59,0
DA:60,0
DA:61,0
DA:63,1
DA:67,1
DA:68,1
DA:69,1
DA:73,1
DA:74,1
DA:75,1
DA:76,1
DA:77,1
DA:81,2
DA:82,2
DA:83,2
DA:84,2
DA:85,1
DA:86,1
DA:89,1
DA:90,1
DA:91,1
DA:92,1
DA:93,1
DA:94,1
DA:98,1
DA:99,1
DA:100,1
DA:101,1
DA:102,1
DA:103,1
DA:107,1
DA:108,1
DA:110,1
DA:114,1
DA:115,1
DA:116,1
DA:117,1
DA:120,1
DA:121,1
DA:123,0
DA:127,1
DA:130,1
DA:131,1
DA:132,1
DA:133,0
DA:137,1
DA:138,1
DA:139,0
DA:142,1
DA:143,1
DA:146,1
LF:85
LH:79
BRDA:5,0,0,1
BRDA:5,0,1,1
BRDA:17,1,0,1
BRDA:17,1,1,2
BRDA:18,2,0,1
BRDA:18,2,1,1
BRDA:36,3,0,0
BRDA:36,3,1,0
BRDA:36,4,0,0
BRDA:36,4,1,0
BRDA:59,5,0,0
BRDA:59,5,1,0
BRDA:59,6,0,0
BRDA:59,6,1,0
BRDA:60,7,0,0
BRDA:60,7,1,0
BRDA:60,8,0,0
BRDA:60,8,1,0
BRDA:69,9,0,1
BRDA:69,9,1,0
BRDA:75,10,0,0
BRDA:75,10,1,1
BRDA:84,11,0,1
BRDA:84,11,1,1
BRDA:117,12,0,0
BRDA:117,12,1,1
BRF:26
BRH:11
end_of_record
TN:
SF:actions/announcements.js
FN:1,createAnnouncement
FN:12,getTeacherAnnouncements
FN:15,(anonymous_2)
FN:19,getStudentAnnouncements
FN:44,(anonymous_4)
FN:52,acknowledgeAnnouncement
FN:63,getAnnouncementAcknowledgements
FNF:7
FNH:6
FNDA:1,createAnnouncement
FNDA:1,getTeacherAnnouncements
FNDA:1,(anonymous_2)
FNDA:2,getStudentAnnouncements
FNDA:0,(anonymous_4)
FNDA:1,acknowledgeAnnouncement
FNDA:1,getAnnouncementAcknowledgements
DA:2,1
DA:3,1
DA:9,1
DA:13,1
DA:14,1
DA:15,1
DA:16,1
DA:20,2
DA:21,2
DA:22,2
DA:24,1
DA:25,1
DA:26,1
DA:27,1
DA:30,1
DA:31,1
DA:32,1
DA:33,1
DA:34,1
DA:35,1
DA:36,1
DA:44,1
DA:45,0
DA:46,0
DA:47,0
DA:49,1
DA:53,1
DA:54,1
DA:55,1
DA:60,1
DA:64,1
DA:65,1
DA:66,1
DA:67,1
DA:68,1
DA:69,0
DA:70,0
DA:71,0
DA:77,1
DA:80,1
LF:40
LH:34
BRDA:21,0,0,2
BRDA:21,0,1,0
BRDA:22,1,0,1
BRDA:22,1,1,1
BRDA:45,2,0,0
BRDA:45,2,1,0
BRDA:46,3,0,0
BRDA:46,3,1,0
BRF:8
BRH:3
end_of_record
TN:
SF:actions/assignments.js
FN:3,archiveAssignment
FN:29,(anonymous_1)
FN:51,getTeacherAssignments
FN:63,(anonymous_3)
FN:68,createAssignment
FN:85,getAssignmentSubmissions
FN:97,toggleAccess
FN:103,massToggleAccess
FN:107,(anonymous_8)
FN:112,gradeSubmission
FN:148,(anonymous_10)
FN:156,getStudentAssignments
FN:162,(anonymous_12)
FN:165,(anonymous_13)
FN:170,acceptAssignment
FN:217,(anonymous_15)
FN:255,(anonymous_16)
FN:275,getStudentGithubActivity
FN:314,(anonymous_18)
FN:343,(anonymous_19)
FN:363,(anonymous_20)
FN:377,getStudentCommits
FN:414,(anonymous_22)
FN:422,submitAssignment
FN:436,updateAssignment
FN:442,syncGradesFromSpreadsheet
FN:461,(anonymous_26)
FN:461,(anonymous_27)
FN:464,(anonymous_28)
FN:465,(anonymous_29)
FN:466,(anonymous_30)
FN:467,(anonymous_31)
FN:518,addGroupCollaborator
FNF:33
FNH:9
FNDA:0,archiveAssignment
FNDA:0,(anonymous_1)
FNDA:1,getTeacherAssignments
FNDA:2,(anonymous_3)
FNDA:1,createAssignment
FNDA:1,getAssignmentSubmissions
FNDA:0,toggleAccess
FNDA:0,massToggleAccess
FNDA:0,(anonymous_8)
FNDA:1,gradeSubmission
FNDA:0,(anonymous_10)
FNDA:1,getStudentAssignments
FNDA:2,(anonymous_12)
FNDA:1,(anonymous_13)
FNDA:0,acceptAssignment
FNDA:0,(anonymous_15)
FNDA:0,(anonymous_16)
FNDA:0,getStudentGithubActivity
FNDA:0,(anonymous_18)
FNDA:0,(anonymous_19)
FNDA:0,(anonymous_20)
FNDA:0,getStudentCommits
FNDA:0,(anonymous_22)
FNDA:0,submitAssignment
FNDA:1,updateAssignment
FNDA:0,syncGradesFromSpreadsheet
FNDA:0,(anonymous_26)
FNDA:0,(anonymous_27)
FNDA:0,(anonymous_28)
FNDA:0,(anonymous_29)
FNDA:0,(anonymous_30)
FNDA:0,(anonymous_31)
FNDA:0,addGroupCollaborator
DA:1,1
DA:4,0
DA:5,0
DA:8,0
DA:9,0
DA:10,0
DA:12,0
DA:13,0
DA:15,0
DA:16,0
DA:17,0
DA:19,0
DA:26,0
DA:27,0
DA:29,0
DA:30,0
DA:31,0
DA:32,0
DA:33,0
DA:35,0
DA:36,0
DA:37,0
DA:38,0
DA:46,0
DA:47,0
DA:48,0
DA:52,1
DA:53,1
DA:54,1
DA:56,1
DA:57,1
DA:58,1
DA:59,1
DA:61,1
DA:62,1
DA:63,2
DA:65,1
DA:69,1
DA:70,1
DA:82,1
DA:86,1
DA:87,1
DA:88,1
DA:89,1
DA:90,1
DA:91,1
DA:92,1
DA:94,1
DA:98,0
DA:99,0
DA:100,0
DA:104,0
DA:105,0
DA:106,0
DA:107,0
DA:108,0
DA:109,0
DA:113,1
DA:114,1
DA:115,1
DA:116,0
DA:118,1
DA:119,1
DA:122,1
DA:123,1
DA:125,1
DA:132,1
DA:147,1
DA:148,0
DA:149,0
DA:153,1
DA:157,1
DA:158,1
DA:159,1
DA:161,1
DA:162,2
DA:164,1
DA:165,1
DA:167,1
DA:171,0
DA:172,0
DA:174,0
DA:175,0
DA:176,0
DA:178,0
DA:179,0
DA:181,0
DA:182,0
DA:183,0
DA:185,0
DA:186,0
DA:188,0
DA:189,0
DA:191,0
DA:198,0
DA:199,0
DA:205,0
DA:206,0
DA:207,0
DA:210,0
DA:216,0
DA:217,0
DA:219,0
DA:220,0
DA:221,0
DA:223,0
DA:229,0
DA:242,0
DA:243,0
DA:244,0
DA:255,0
DA:259,0
DA:260,0
DA:272,0
DA:276,0
DA:277,0
DA:278,0
DA:279,0
DA:281,0
DA:282,0
DA:283,0
DA:284,0
DA:285,0
DA:288,0
DA:290,0
DA:291,0
DA:292,0
DA:293,0
DA:295,0
DA:296,0
DA:297,0
DA:299,0
DA:306,0
DA:307,0
DA:308,0
DA:312,0
DA:313,0
DA:314,0
DA:315,0
DA:316,0
DA:317,0
DA:319,0
DA:332,0
DA:335,0
DA:336,0
DA:337,0
DA:341,0
DA:342,0
DA:343,0
DA:352,0
DA:355,0
DA:356,0
DA:357,0
DA:361,0
DA:362,0
DA:363,0
DA:371,0
DA:374,0
DA:378,0
DA:379,0
DA:380,0
DA:381,0
DA:383,0
DA:384,0
DA:385,0
DA:386,0
DA:387,0
DA:390,0
DA:392,0
DA:393,0
DA:394,0
DA:395,0
DA:397,0
DA:399,0
DA:406,0
DA:411,0
DA:412,0
DA:414,0
DA:423,0
DA:424,0
DA:425,0
DA:427,0
DA:433,0
DA:437,1
DA:438,1
DA:439,1
DA:443,0
DA:444,0
DA:445,0
DA:447,0
DA:448,0
DA:449,0
DA:451,0
DA:452,0
DA:453,0
DA:455,0
DA:457,0
DA:458,0
DA:460,0
DA:461,0
DA:462,0
DA:464,0
DA:465,0
DA:466,0
DA:467,0
DA:469,0
DA:470,0
DA:473,0
DA:474,0
DA:476,0
DA:477,0
DA:478,0
DA:480,0
DA:481,0
DA:482,0
DA:484,0
DA:486,0
DA:487,0
DA:489,0
DA:491,0
DA:496,0
DA:497,0
DA:499,0
DA:500,0
DA:511,0
DA:514,0
DA:515,0
DA:519,0
DA:520,0
DA:521,0
DA:522,0
DA:524,0
DA:525,0
DA:526,0
DA:527,0
DA:529,0
DA:531,0
DA:532,0
DA:534,0
DA:535,0
DA:537,0
DA:538,0
DA:539,0
DA:541,0
DA:552,0
DA:553,0
DA:554,0
DA:557,0
DA:566,0
DA:569,1
LF:250
LH:46
BRDA:1,0,0,1
BRDA:1,0,1,0
BRDA:9,1,0,0
BRDA:9,1,1,0
BRDA:13,2,0,0
BRDA:13,2,1,0
BRDA:17,3,0,0
BRDA:17,3,1,0
BRDA:31,4,0,0
BRDA:31,4,1,0
BRDA:36,5,0,0
BRDA:36,5,1,0
BRDA:36,6,0,0
BRDA:36,6,1,0
BRDA:53,7,0,1
BRDA:53,7,1,0
BRDA:54,8,0,0
BRDA:54,8,1,1
BRDA:73,9,0,1
BRDA:73,9,1,1
BRDA:74,10,0,1
BRDA:74,10,1,1
BRDA:75,11,0,1
BRDA:75,11,1,1
BRDA:76,12,0,1
BRDA:76,12,1,1
BRDA:77,13,0,1
BRDA:77,13,1,1
BRDA:115,14,0,0
BRDA:115,14,1,1
BRDA:115,15,0,1
BRDA:115,15,1,1
BRDA:115,15,2,0
BRDA:119,16,0,0
BRDA:119,16,1,1
BRDA:123,17,0,1
BRDA:123,17,1,0
BRDA:126,18,0,1
BRDA:126,18,1,0
BRDA:127,19,0,1
BRDA:127,19,1,0
BRDA:135,20,0,1
BRDA:135,20,1,0
BRDA:136,21,0,1
BRDA:136,21,1,0
BRDA:138,22,0,1
BRDA:138,22,1,0
BRDA:139,23,0,1
BRDA:139,23,1,1
BRDA:140,24,0,1
BRDA:140,24,1,0
BRDA:141,25,0,1
BRDA:141,25,1,1
BRDA:142,26,0,1
BRDA:142,26,1,0
BRDA:147,27,0,0
BRDA:147,27,1,1
BRDA:147,28,0,1
BRDA:147,28,1,0
BRDA:158,29,0,1
BRDA:158,29,1,0
BRDA:159,30,0,0
BRDA:159,30,1,1
BRDA:175,31,0,0
BRDA:175,31,1,0
BRDA:183,32,0,0
BRDA:183,32,1,0
BRDA:185,33,0,0
BRDA:185,33,1,0
BRDA:186,34,0,0
BRDA:186,34,1,0
BRDA:205,35,0,0
BRDA:205,35,1,0
BRDA:216,36,0,0
BRDA:216,36,1,0
BRDA:220,37,0,0
BRDA:220,37,1,0
BRDA:242,38,0,0
BRDA:242,38,1,0
BRDA:267,39,0,0
BRDA:267,39,1,0
BRDA:268,40,0,0
BRDA:268,40,1,0
BRDA:278,41,0,0
BRDA:278,41,1,0
BRDA:282,42,0,0
BRDA:282,42,1,0
BRDA:284,43,0,0
BRDA:284,43,1,0
BRDA:284,44,0,0
BRDA:284,44,1,0
BRDA:284,44,2,0
BRDA:288,45,0,0
BRDA:288,45,1,0
BRDA:293,46,0,0
BRDA:293,46,1,0
BRDA:312,47,0,0
BRDA:312,47,1,0
BRDA:316,48,0,0
BRDA:316,48,1,0
BRDA:317,49,0,0
BRDA:317,49,1,0
BRDA:324,50,0,0
BRDA:324,50,1,0
BRDA:325,51,0,0
BRDA:325,51,1,0
BRDA:326,52,0,0
BRDA:326,52,1,0
BRDA:326,53,0,0
BRDA:326,53,1,0
BRDA:341,54,0,0
BRDA:341,54,1,0
BRDA:361,55,0,0
BRDA:361,55,1,0
BRDA:380,56,0,0
BRDA:380,56,1,0
BRDA:384,57,0,0
BRDA:384,57,1,0
BRDA:386,58,0,0
BRDA:386,58,1,0
BRDA:386,59,0,0
BRDA:386,59,1,0
BRDA:386,59,2,0
BRDA:390,60,0,0
BRDA:390,60,1,0
BRDA:395,61,0,0
BRDA:395,61,1,0
BRDA:411,62,0,0
BRDA:411,62,1,0
BRDA:425,63,0,0
BRDA:425,63,1,0
BRDA:425,64,0,0
BRDA:425,64,1,0
BRDA:429,65,0,0
BRDA:429,65,1,0
BRDA:448,66,0,0
BRDA:448,66,1,0
BRDA:453,67,0,0
BRDA:453,67,1,0
BRDA:458,68,0,0
BRDA:458,68,1,0
BRDA:462,69,0,0
BRDA:462,69,1,0
BRDA:465,70,0,0
BRDA:465,70,1,0
BRDA:466,71,0,0
BRDA:466,71,1,0
BRDA:467,72,0,0
BRDA:467,72,1,0
BRDA:467,72,2,0
BRDA:469,73,0,0
BRDA:469,73,1,0
BRDA:469,74,0,0
BRDA:469,74,1,0
BRDA:478,75,0,0
BRDA:478,75,1,0
BRDA:481,76,0,0
BRDA:481,76,1,0
BRDA:482,77,0,0
BRDA:482,77,1,0
BRDA:482,78,0,0
BRDA:482,78,1,0
BRDA:484,79,0,0
BRDA:484,79,1,0
BRDA:484,80,0,0
BRDA:484,80,1,0
BRDA:487,81,0,0
BRDA:487,81,1,0
BRDA:496,82,0,0
BRDA:496,82,1,0
BRDA:521,83,0,0
BRDA:521,83,1,0
BRDA:525,84,0,0
BRDA:525,84,1,0
BRDA:529,85,0,0
BRDA:529,85,1,0
BRDA:552,86,0,0
BRDA:552,86,1,0
BRF:178
BRH:33
end_of_record
TN:
SF:actions/attendance.js
FN:1,markAttendance
FN:23,submitQrAttendance
FN:59,(anonymous_2)
FNF:3
FNH:3
FNDA:3,markAttendance
FNDA:8,submitQrAttendance
FNDA:2,(anonymous_2)
DA:2,3
DA:3,3
DA:4,3
DA:7,2
DA:8,2
DA:9,2
DA:12,1
DA:13,1
DA:20,1
DA:24,8
DA:25,8
DA:26,8
DA:27,1
DA:30,7
DA:31,7
DA:32,1
DA:35,6
DA:36,6
DA:37,6
DA:38,1
DA:41,5
DA:43,5
DA:44,1
DA:47,4
DA:48,1
DA:51,3
DA:52,3
DA:53,3
DA:54,3
DA:55,1
DA:58,2
DA:59,2
DA:60,2
DA:61,2
DA:62,2
DA:63,2
DA:64,2
DA:65,2
DA:68,2
DA:69,2
DA:72,2
DA:73,2
DA:74,1
DA:78,1
DA:79,1
DA:81,1
DA:82,1
DA:89,0
DA:96,1
DA:99,1
LF:50
LH:49
BRDA:4,0,0,1
BRDA:4,0,1,2
BRDA:4,1,0,3
BRDA:4,1,1,2
BRDA:9,2,0,1
BRDA:9,2,1,1
BRDA:26,3,0,1
BRDA:26,3,1,7
BRDA:26,4,0,8
BRDA:26,4,1,7
BRDA:26,4,2,7
BRDA:31,5,0,1
BRDA:31,5,1,6
BRDA:31,6,0,7
BRDA:31,6,1,7
BRDA:37,7,0,1
BRDA:37,7,1,5
BRDA:43,8,0,1
BRDA:43,8,1,4
BRDA:47,9,0,1
BRDA:47,9,1,3
BRDA:54,10,0,1
BRDA:54,10,1,2
BRDA:58,11,0,2
BRDA:58,11,1,0
BRDA:58,12,0,2
BRDA:58,12,1,2
BRDA:58,12,2,2
BRDA:58,12,3,2
BRDA:73,13,0,1
BRDA:73,13,1,1
BRDA:81,14,0,1
BRDA:81,14,1,0
BRF:33
BRH:31
end_of_record
TN:
SF:actions/backups.js
FN:1,createSystemBackup
FN:7,(anonymous_1)
FN:10,(anonymous_2)
FN:13,(anonymous_3)
FN:26,getSystemBackups
FN:32,(anonymous_5)
FN:45,restoreBackupDocument
FN:58,(anonymous_7)
FN:67,downloadSystemBackup
FNF:9
FNH:6
FNDA:2,createSystemBackup
FNDA:0,(anonymous_1)
FNDA:0,(anonymous_2)
FNDA:0,(anonymous_3)
FNDA:1,getSystemBackups
FNDA:1,(anonymous_5)
FNDA:2,restoreBackupDocument
FNDA:1,(anonymous_7)
FNDA:2,downloadSystemBackup
DA:2,2
DA:3,2
DA:4,2
DA:6,1
DA:7,1
DA:9,1
DA:10,1
DA:12,1
DA:13,1
DA:15,1
DA:23,1
DA:27,1
DA:28,1
DA:29,1
DA:31,1
DA:32,1
DA:33,1
DA:34,1
DA:46,2
DA:47,2
DA:48,2
DA:50,2
DA:51,2
DA:52,2
DA:53,1
DA:55,1
DA:56,1
DA:58,1
DA:59,1
DA:61,1
DA:62,1
DA:64,1
DA:68,2
DA:69,2
DA:70,2
DA:72,1
DA:73,1
DA:74,1
DA:75,1
DA:78,1
LF:40
LH:40
BRDA:4,0,0,1
BRDA:4,0,1,1
BRDA:21,1,0,1
BRDA:21,1,1,0
BRDA:29,2,0,0
BRDA:29,2,1,1
BRDA:36,3,0,1
BRDA:36,3,1,0
BRDA:38,4,0,1
BRDA:38,4,1,0
BRDA:39,5,0,1
BRDA:39,5,1,1
BRDA:40,6,0,1
BRDA:40,6,1,1
BRDA:48,7,0,0
BRDA:48,7,1,2
BRDA:52,8,0,1
BRDA:52,8,1,1
BRDA:56,9,0,0
BRDA:56,9,1,1
BRDA:59,10,0,0
BRDA:59,10,1,1
BRDA:70,11,0,1
BRDA:70,11,1,1
BRDA:74,12,0,0
BRDA:74,12,1,1
BRF:26
BRH:18
end_of_record
TN:
SF:actions/courses.js
FN:1,getCourseDetails
FN:27,enrollCourse
FN:68,createCourse
FN:83,updateCourseName
FN:89,getCourseTeachers
FN:101,assignTeacher
FN:110,removeTeacher
FN:116,getTeacherCourses
FN:129,getCourseSettings
FN:168,updateCourseSettings
FN:193,cloneCourseExtraData
FN:223,getStudentCourses
FN:228,(anonymous_12)
FN:229,(anonymous_13)
FN:239,getCourseRoster
FNF:15
FNH:13
FNDA:1,getCourseDetails
FNDA:1,enrollCourse
FNDA:2,createCourse
FNDA:1,updateCourseName
FNDA:1,getCourseTeachers
FNDA:1,assignTeacher
FNDA:1,removeTeacher
FNDA:1,getTeacherCourses
FNDA:1,getCourseSettings
FNDA:1,updateCourseSettings
FNDA:0,cloneCourseExtraData
FNDA:1,getStudentCourses
FNDA:1,(anonymous_12)
FNDA:0,(anonymous_13)
FNDA:1,getCourseRoster
DA:2,1
DA:3,1
DA:4,1
DA:5,1
DA:6,1
DA:7,1
DA:9,1
DA:10,0
DA:13,1
DA:14,1
DA:16,1
DA:17,1
DA:18,1
DA:19,1
DA:24,1
DA:28,1
DA:29,1
DA:30,1
DA:31,1
DA:32,1
DA:33,1
DA:38,1
DA:41,0
DA:42,0
DA:43,0
DA:44,0
DA:49,0
DA:50,0
DA:53,0
DA:54,0
DA:55,0
DA:56,0
DA:61,0
DA:62,0
DA:65,0
DA:69,2
DA:70,2
DA:80,2
DA:84,1
DA:85,1
DA:86,1
DA:90,1
DA:91,1
DA:92,1
DA:93,1
DA:94,1
DA:95,1
DA:96,1
DA:98,1
DA:102,1
DA:103,1
DA:107,1
DA:111,1
DA:112,1
DA:113,1
DA:117,1
DA:118,1
DA:119,1
DA:120,1
DA:121,1
DA:122,1
DA:123,1
DA:126,1
DA:130,1
DA:131,1
DA:132,1
DA:133,1
DA:135,1
DA:136,1
DA:137,1
DA:139,1
DA:140,0
DA:141,0
DA:143,1
DA:144,1
DA:145,1
DA:147,1
DA:148,1
DA:149,1
DA:151,1
DA:152,0
DA:153,0
DA:156,1
DA:157,1
DA:165,1
DA:169,1
DA:170,1
DA:171,1
DA:172,1
DA:173,1
DA:175,1
DA:177,1
DA:179,0
DA:180,0
DA:181,0
DA:190,1
DA:194,0
DA:195,0
DA:197,0
DA:198,0
DA:199,0
DA:200,0
DA:201,0
DA:207,0
DA:208,0
DA:209,0
DA:210,0
DA:220,0
DA:224,1
DA:225,1
DA:226,1
DA:227,1
DA:228,1
DA:229,1
DA:231,1
DA:232,1
DA:233,1
DA:234,1
DA:236,1
DA:240,1
DA:241,1
DA:242,1
DA:243,1
DA:244,1
DA:245,1
DA:247,1
DA:250,2
LF:127
LH:94
BRDA:9,0,0,0
BRDA:9,0,1,1
BRDA:9,1,0,1
BRDA:9,1,1,1
BRDA:9,1,2,0
BRDA:9,1,3,0
BRDA:14,2,0,0
BRDA:14,2,1,1
BRDA:17,3,0,1
BRDA:17,3,1,0
BRDA:31,4,0,1
BRDA:31,4,1,0
BRDA:42,5,0,0
BRDA:42,5,1,0
BRDA:54,6,0,0
BRDA:54,6,1,0
BRDA:122,7,0,1
BRDA:122,7,1,0
BRDA:123,8,0,1
BRDA:123,8,1,1
BRDA:133,9,0,0
BRDA:133,9,1,1
BRDA:139,10,0,0
BRDA:139,10,1,1
BRDA:143,11,0,1
BRDA:143,11,1,0
BRDA:147,12,0,1
BRDA:147,12,1,0
BRDA:151,13,0,0
BRDA:151,13,1,1
BRDA:156,14,0,1
BRDA:156,14,1,0
BRDA:161,15,0,1
BRDA:161,15,1,0
BRDA:172,16,0,0
BRDA:172,16,1,1
BRDA:173,17,0,0
BRDA:173,17,1,1
BRDA:177,18,0,0
BRDA:177,18,1,1
BRDA:180,19,0,0
BRDA:180,19,1,0
BRDA:180,20,0,0
BRDA:180,20,1,0
BRDA:208,21,0,0
BRDA:208,21,1,0
BRDA:211,22,0,0
BRDA:211,22,1,0
BRDA:212,23,0,0
BRDA:212,23,1,0
BRDA:213,24,0,0
BRDA:213,24,1,0
BRDA:214,25,0,0
BRDA:214,25,1,0
BRDA:215,26,0,0
BRDA:215,26,1,0
BRDA:216,27,0,0
BRDA:216,27,1,0
BRDA:234,28,0,1
BRDA:234,28,1,0
BRDA:245,29,0,1
BRDA:245,29,1,0
BRF:62
BRH:21
end_of_record
TN:
SF:actions/moodle.js
FN:1,moodleAutoEnroll
FNF:1
FNH:1
FNDA:1,moodleAutoEnroll
DA:2,1
DA:3,1
DA:4,1
DA:6,1
DA:7,1
DA:9,1
DA:10,0
DA:11,0
DA:12,0
DA:13,0
DA:20,1
DA:21,1
DA:22,1
DA:23,1
DA:31,1
DA:40,1
DA:43,1
LF:17
LH:13
BRDA:4,0,0,0
BRDA:4,0,1,1
BRDA:7,1,0,1
BRDA:7,1,1,0
BRDA:9,2,0,0
BRDA:9,2,1,1
BRDA:12,3,0,0
BRDA:12,3,1,0
BRDA:22,4,0,1
BRDA:22,4,1,0
BRDA:36,5,0,1
BRDA:36,5,1,0
BRDA:36,5,2,0
BRF:13
BRH:5
end_of_record
TN:
SF:actions/notifications.js
FN:1,notifyCourseStudents
FN:46,checkAndAlertStudentsAtRisk
FN:68,(anonymous_2)
FN:71,(anonymous_3)
FN:72,(anonymous_4)
FN:100,(anonymous_5)
FN:118,getStudentNotifications
FN:126,(anonymous_7)
FN:136,markNotificationsRead
FN:144,(anonymous_9)
FNF:10
FNH:4
FNDA:0,notifyCourseStudents
FNDA:0,checkAndAlertStudentsAtRisk
FNDA:0,(anonymous_2)
FNDA:0,(anonymous_3)
FNDA:0,(anonymous_4)
FNDA:0,(anonymous_5)
FNDA:1,getStudentNotifications
FNDA:1,(anonymous_7)
FNDA:1,markNotificationsRead
FNDA:1,(anonymous_9)
DA:2,0
DA:3,0
DA:6,0
DA:7,0
DA:9,0
DA:11,0
DA:12,0
DA:13,0
DA:15,0
DA:16,0
DA:17,0
DA:19,0
DA:20,0
DA:21,0
DA:22,0
DA:25,0
DA:26,0
DA:34,0
DA:35,0
DA:36,0
DA:37,0
DA:38,0
DA:41,0
DA:42,0
DA:43,0
DA:47,0
DA:48,0
DA:49,0
DA:50,0
DA:52,0
DA:53,0
DA:54,0
DA:55,0
DA:57,0
DA:58,0
DA:59,0
DA:61,0
DA:63,0
DA:64,0
DA:65,0
DA:67,0
DA:68,0
DA:70,0
DA:71,0
DA:72,0
DA:73,0
DA:75,0
DA:76,0
DA:78,0
DA:79,0
DA:81,0
DA:82,0
DA:83,0
DA:86,0
DA:87,0
DA:88,0
DA:91,0
DA:92,0
DA:93,0
DA:95,0
DA:100,0
DA:102,0
DA:103,0
DA:111,0
DA:115,0
DA:119,1
DA:120,1
DA:126,1
DA:127,1
DA:128,1
DA:137,1
DA:138,1
DA:143,1
DA:144,1
DA:145,1
DA:147,1
DA:148,1
DA:151,1
LF:78
LH:13
BRDA:7,0,0,0
BRDA:7,0,1,0
BRDA:21,1,0,0
BRDA:21,1,1,0
BRDA:21,2,0,0
BRDA:21,2,1,0
BRDA:29,3,0,0
BRDA:29,3,1,0
BRDA:35,4,0,0
BRDA:35,4,1,0
BRDA:41,5,0,0
BRDA:41,5,1,0
BRDA:50,6,0,0
BRDA:50,6,1,0
BRDA:53,7,0,0
BRDA:53,7,1,0
BRDA:55,8,0,0
BRDA:55,8,1,0
BRDA:75,9,0,0
BRDA:75,9,1,0
BRDA:81,10,0,0
BRDA:81,10,1,0
BRDA:81,11,0,0
BRDA:81,11,1,0
BRDA:86,12,0,0
BRDA:86,12,1,0
BRDA:88,13,0,0
BRDA:88,13,1,0
BRDA:91,14,0,0
BRDA:91,14,1,0
BRDA:102,15,0,0
BRDA:102,15,1,0
BRDA:131,16,0,0
BRDA:131,16,1,1
BRF:34
BRH:1
end_of_record
TN:
SF:actions/profile.js
FN:3,getProfile
FN:18,updateProfile
FN:24,submitMatricula
FNF:3
FNH:3
FNDA:1,getProfile
FNDA:1,updateProfile
FNDA:2,submitMatricula
DA:1,1
DA:4,1
DA:5,1
DA:6,1
DA:7,1
DA:9,1
DA:13,1
DA:14,1
DA:15,1
DA:19,1
DA:20,1
DA:21,1
DA:25,2
DA:26,2
DA:27,2
DA:28,1
DA:30,1
DA:34,1
DA:37,1
LF:19
LH:19
BRDA:7,0,0,0
BRDA:7,0,1,1
BRDA:27,1,0,1
BRDA:27,1,1,1
BRDA:27,2,0,2
BRDA:27,2,1,2
BRF:6
BRH:5
end_of_record
TN:
SF:actions/schedule.js
FN:1,saveScheduleVersion
FN:22,getScheduleVersions
FN:33,(anonymous_2)
FN:43,restoreScheduleVersion
FN:60,getComparisonCourses
FN:63,(anonymous_5)
FNF:6
FNH:6
FNDA:1,saveScheduleVersion
FNDA:1,getScheduleVersions
FNDA:1,(anonymous_2)
FNDA:1,restoreScheduleVersion
FNDA:1,getComparisonCourses
FNDA:1,(anonymous_5)
DA:2,1
DA:3,1
DA:4,1
DA:5,1
DA:6,1
DA:8,1
DA:9,1
DA:11,1
DA:19,1
DA:23,1
DA:24,1
DA:25,1
DA:26,1
DA:28,1
DA:33,1
DA:34,1
DA:35,1
DA:44,1
DA:45,1
DA:46,1
DA:47,1
DA:48,1
DA:50,1
DA:51,1
DA:53,1
DA:54,1
DA:57,1
DA:61,1
DA:62,1
DA:63,1
DA:64,1
DA:65,1
DA:73,1
LF:33
LH:33
BRDA:5,0,0,0
BRDA:5,0,1,1
BRDA:6,1,0,0
BRDA:6,1,1,1
BRDA:9,2,0,1
BRDA:9,2,1,0
BRDA:9,3,0,1
BRDA:9,3,1,0
BRDA:26,4,0,0
BRDA:26,4,1,1
BRDA:38,5,0,1
BRDA:38,5,1,0
BRDA:47,6,0,0
BRDA:47,6,1,1
BRDA:48,7,0,0
BRDA:48,7,1,1
BRDA:51,8,0,0
BRDA:51,8,1,1
BRDA:68,9,0,1
BRDA:68,9,1,0
BRF:20
BRH:10
end_of_record
TN:
SF:actions/stats.js
FN:1,getTeacherDashboardStats
FN:4,(anonymous_1)
FN:15,(anonymous_2)
FN:31,getCourseDashboardStats
FN:47,(anonymous_4)
FN:62,(anonymous_5)
FN:67,(anonymous_6)
FNF:7
FNH:5
FNDA:1,getTeacherDashboardStats
FNDA:1,(anonymous_1)
FNDA:1,(anonymous_2)
FNDA:1,getCourseDashboardStats
FNDA:1,(anonymous_4)
FNDA:0,(anonymous_5)
FNDA:0,(anonymous_6)
DA:2,1
DA:3,1
DA:4,1
DA:5,1
DA:7,1
DA:8,1
DA:9,1
DA:10,1
DA:13,1
DA:14,1
DA:15,1
DA:16,1
DA:18,1
DA:19,1
DA:20,1
DA:23,1
DA:24,1
DA:25,1
DA:28,1
DA:32,1
DA:33,1
DA:36,1
DA:37,1
DA:39,1
DA:40,1
DA:41,1
DA:43,1
DA:44,1
DA:46,1
DA:47,1
DA:49,1
DA:50,1
DA:51,1
DA:53,1
DA:54,1
DA:55,1
DA:56,1
DA:58,1
DA:59,1
DA:60,1
DA:62,1
DA:63,0
DA:64,0
DA:67,0
DA:68,0
DA:69,0
DA:70,0
DA:77,1
DA:88,1
LF:49
LH:43
BRDA:5,0,0,0
BRDA:5,0,1,1
BRDA:16,1,0,0
BRDA:16,1,1,1
BRDA:37,2,0,0
BRDA:37,2,1,1
BRDA:41,3,0,1
BRDA:41,3,1,0
BRDA:53,4,0,1
BRDA:53,4,1,0
BRDA:64,5,0,0
BRDA:64,5,1,0
BRDA:68,6,0,0
BRDA:68,6,1,0
BRDA:68,7,0,0
BRDA:68,7,1,0
BRDA:69,8,0,0
BRDA:69,8,1,0
BRF:18
BRH:5
end_of_record
TN:
SF:actions/studyGroups.js
FN:1,createStudyGroup
FN:19,joinStudyGroup
FN:35,leaveStudyGroup
FN:43,(anonymous_3)
FN:55,getStudyGroups
FN:78,findStudyBuddies
FN:82,(anonymous_6)
FNF:7
FNH:5
FNDA:1,createStudyGroup
FNDA:1,joinStudyGroup
FNDA:1,leaveStudyGroup
FNDA:1,(anonymous_3)
FNDA:1,getStudyGroups
FNDA:0,findStudyBuddies
FNDA:0,(anonymous_6)
DA:2,1
DA:3,1
DA:4,1
DA:5,1
DA:7,1
DA:16,1
DA:20,1
DA:21,1
DA:22,1
DA:23,1
DA:24,1
DA:26,1
DA:27,1
DA:29,0
DA:32,0
DA:36,1
DA:37,1
DA:38,1
DA:39,1
DA:40,1
DA:42,1
DA:43,1
DA:45,1
DA:46,1
DA:48,0
DA:52,1
DA:56,1
DA:57,1
DA:58,1
DA:60,1
DA:61,1
DA:62,2
DA:63,2
DA:64,2
DA:65,2
DA:66,2
DA:68,2
DA:75,1
DA:79,0
DA:80,0
DA:81,0
DA:82,0
DA:84,0
DA:85,0
DA:86,0
DA:88,0
DA:89,0
DA:90,0
DA:91,0
DA:92,0
DA:93,0
DA:103,0
DA:106,1
LF:53
LH:36
BRDA:5,0,0,0
BRDA:5,0,1,1
BRDA:24,1,0,0
BRDA:24,1,1,1
BRDA:26,2,0,1
BRDA:26,2,1,0
BRDA:27,3,0,1
BRDA:27,3,1,0
BRDA:40,4,0,0
BRDA:40,4,1,1
BRDA:42,5,0,1
BRDA:42,5,1,0
BRDA:45,6,0,1
BRDA:45,6,1,0
BRDA:64,7,0,2
BRDA:64,7,1,0
BRDA:66,8,0,2
BRDA:66,8,1,0
BRDA:72,9,0,2
BRDA:72,9,1,0
BRDA:86,10,0,0
BRDA:86,10,1,0
BRDA:89,11,0,0
BRDA:89,11,1,0
BRDA:92,12,0,0
BRDA:92,12,1,0
BRF:26
BRH:10
end_of_record
TN:
SF:actions/tutoring.js
FN:1,registerAsTutor
FN:20,getCourseTutors
FN:24,(anonymous_2)
FN:27,bookTutoringSession
FN:56,getTutoringSessions
FN:66,(anonymous_5)
FN:69,updateTutoringSessionStatus
FNF:7
FNH:7
FNDA:1,registerAsTutor
FNDA:1,getCourseTutors
FNDA:1,(anonymous_2)
FNDA:1,bookTutoringSession
FNDA:1,getTutoringSessions
FNDA:1,(anonymous_5)
FNDA:1,updateTutoringSessionStatus
DA:2,1
DA:3,1
DA:4,1
DA:5,1
DA:6,1
DA:8,1
DA:17,1
DA:21,1
DA:22,1
DA:23,1
DA:24,1
DA:28,1
DA:29,1
DA:30,1
DA:31,1
DA:32,1
DA:34,1
DA:35,1
DA:37,1
DA:41,1
DA:53,1
DA:57,1
DA:58,1
DA:59,1
DA:60,1
DA:61,0
DA:63,1
DA:65,1
DA:66,1
DA:70,1
DA:71,1
DA:72,1
DA:73,1
DA:74,1
DA:76,1
DA:77,1
DA:78,0
DA:81,1
DA:82,1
DA:85,1
LF:40
LH:38
BRDA:5,0,0,0
BRDA:5,0,1,1
BRDA:11,1,0,1
BRDA:11,1,1,0
BRDA:31,2,0,0
BRDA:31,2,1,1
BRDA:35,3,0,1
BRDA:35,3,1,0
BRDA:35,4,0,1
BRDA:35,4,1,0
BRDA:46,5,0,1
BRDA:46,5,1,0
BRDA:60,6,0,0
BRDA:60,6,1,1
BRDA:74,7,0,0
BRDA:74,7,1,1
BRDA:77,8,0,0
BRDA:77,8,1,1
BRDA:77,9,0,1
BRDA:77,9,1,0
BRF:20
BRH:10
end_of_record
